635 Handoff4
subtype: Entering [(c, (0, SendInt))] (Nat) (Int)
subtype: Entering [(x, (0, !Int. ())), (c, (0, SendInt))] (Nat) (Int)
subtype: Entering [ (c3, (_, ()))
, (n, (_, Int))
, (c2, (0, ?Int. ()))
, (m, (_, Int))
, (c1, (0, ~SendInt))
, (send2, (_, (c : SendInt) -> ())) ] (Int) (Int)
subtype: Entering [ (c3, (_, ()))
, (n, (_, Int))
, (c2, (0, ?Int. ()))
, (m, (_, Int))
, (c1, (0, ~SendInt))
, (send2, (_, (c : SendInt) -> ())) ] (Int) (Int)
subtype: Entering [ (con, (0, SendInt))
, (sock, (_, Nat))
, (main, (_, ()))
, (add2, (_, (c1 : ~SendInt) -> Int))
, (send2, (_, (c : SendInt) -> ())) ] (SendInt) (SendInt)
subtype: Entering [ (con, (0, SendInt))
, (sock, (_, Nat))
, (main, (_, ()))
, (add2, (_, (c1 : ~SendInt) -> Int))
, (send2, (_, (c : SendInt) -> ())) ] (SendInt) (!Int. !Int. ())
subtype: Entering [ (con, (0, SendInt))
, (sock, (_, Nat))
, (main, (_, ()))
, (add2, (_, (c1 : ~SendInt) -> Int))
, (send2, (_, (c : SendInt) -> ())) ] (!Int. !Int. ()) (!Int. !Int. ())
subtype: Entering [ (con, (0, SendInt))
, (sock, (_, Nat))
, (main, (_, ()))
, (add2, (_, (c1 : ~SendInt) -> Int))
, (send2, (_, (c : SendInt) -> ())) ] (Int) (Int)
subtype: [ (con, (0, SendInt))
, (sock, (_, Nat))
, (main, (_, ()))
, (add2, (_, (c1 : ~SendInt) -> Int))
, (send2, (_, (c : SendInt) -> ())) ] (Int) (Int) = Kunit
subtype: Entering [ (zz5, (_, Int))
, (con, (0, SendInt))
, (sock, (_, Nat))
, (main, (_, ()))
, (add2, (_, (c1 : ~SendInt) -> Int))
, (send2, (_, (c : SendInt) -> ())) ] (!Int. ()) (!Int. ())
subtype: Entering [ (zz5, (_, Int))
, (con, (0, SendInt))
, (sock, (_, Nat))
, (main, (_, ()))
, (add2, (_, (c1 : ~SendInt) -> Int))
, (send2, (_, (c : SendInt) -> ())) ] (Int) (Int)
subtype: [ (zz5, (_, Int))
, (con, (0, SendInt))
, (sock, (_, Nat))
, (main, (_, ()))
, (add2, (_, (c1 : ~SendInt) -> Int))
, (send2, (_, (c : SendInt) -> ())) ] (Int) (Int) = Kunit
subtype: Entering [ (zz6, (_, Int))
, (zz5, (_, Int))
, (con, (0, SendInt))
, (sock, (_, Nat))
, (main, (_, ()))
, (add2, (_, (c1 : ~SendInt) -> Int))
, (send2, (_, (c : SendInt) -> ())) ] (()) (())
subtype: Entering [ (main, (_, ()))
, (add2, (_, (c1 : ~SendInt) -> Int))
, (send2, (_, (c : SendInt) -> ())) ] (()) (())
Trying to connect to: 127.0.0.1:4242
subtype: Entering [(c, (0, SendInt))] (Nat) (Int)
subtype: Entering [(x, (0, !Int. ())), (c, (0, SendInt))] (Nat) (Int)
subtype: Entering [ (c2, (0, ?Int. ()))
, (m, (_, Int))
, (c3, (0, SendSendOneInt))
, (c1, (0, ~SendInt))
, (send2, (_, (c : SendInt) -> ())) ] (?Int. ()) (SendOneInt)
subtype: Entering [ (c2, (0, ?Int. ()))
, (m, (_, Int))
, (c3, (0, SendSendOneInt))
, (c1, (0, ~SendInt))
, (send2, (_, (c : SendInt) -> ())) ] (?Int. ()) (?Int. ())
subtype: Entering [ (c2, (0, ?Int. ()))
, (m, (_, Int))
, (c3, (0, SendSendOneInt))
, (c1, (0, ~SendInt))
, (send2, (_, (c : SendInt) -> ())) ] (Int) (Int)
subtype: Entering [ (c2, (0, !SendOneInt. ()))
, (oneint, (0, SendOneInt))
, (con, (0, ~SendSendOneInt))
, (sock, (_, Nat))
, (main, (_, ())) ] (SendOneInt) (SendOneInt)
subtype: Entering [ (c2, (0, !SendOneInt. ()))
, (oneint, (0, SendOneInt))
, (con, (0, ~SendSendOneInt))
, (sock, (_, Nat))
, (main, (_, ())) ] (SendOneInt) (?Int. ())
subtype: Entering [ (c2, (0, !SendOneInt. ()))
, (oneint, (0, SendOneInt))
, (con, (0, ~SendSendOneInt))
, (sock, (_, Nat))
, (main, (_, ())) ] (?Int. ()) (?Int. ())
subtype: Entering [ (c2, (0, !SendOneInt. ()))
, (oneint, (0, SendOneInt))
, (con, (0, ~SendSendOneInt))
, (sock, (_, Nat))
, (main, (_, ())) ] (Int) (Int)
subtype: [ (c2, (0, !SendOneInt. ()))
, (oneint, (0, SendOneInt))
, (con, (0, ~SendSendOneInt))
, (sock, (_, Nat))
, (main, (_, ())) ] (Int) (Int) = Kunit
subtype: Entering [ (zz5, (_, Int))
, (c2, (0, !SendOneInt. ()))
, (oneint, (0, SendOneInt))
, (con, (0, ~SendSendOneInt))
, (sock, (_, Nat))
, (main, (_, ())) ] (()) (())
subtype: Entering [(main, (_, ()))] (()) (())
Trying to connect to: 127.0.0.1:4242
subtype: [ (c2, (0, ?Int. ()))
, (m, (_, Int))
, (c3, (0, SendSendOneInt))
, (c1, (0, ~SendInt))
, (send2, (_, (c : SendInt) -> ())) ] (Int) (Int) = Kunit
subtype: Entering [ (zz5, (_, Int))
, (c2, (0, ?Int. ()))
, (m, (_, Int))
, (c3, (0, SendSendOneInt))
, (c1, (0, ~SendInt))
, (send2, (_, (c : SendInt) -> ())) ] (()) (())
subtype: Entering [ (z, (_, ()))
, (n, (_, Int))
, (x, (_, ()))
, (oneint, (0, SendOneInt))
, (y, (0, ?SendOneInt. ()))
, (c2, (0, ?Int. ()))
, (m, (_, Int))
, (c3, (0, SendSendOneInt))
, (c1, (0, ~SendInt))
, (send2, (_, (c : SendInt) -> ())) ] (Int) (Int)
subtype: Entering [ (z, (_, ()))
, (n, (_, Int))
, (x, (_, ()))
, (oneint, (0, SendOneInt))
, (y, (0, ?SendOneInt. ()))
, (c2, (0, ?Int. ()))
, (m, (_, Int))
, (c3, (0, SendSendOneInt))
, (c1, (0, ~SendInt))
, (send2, (_, (c : SendInt) -> ())) ] (Int) (Int)
subtype: Entering [ (con2, (0, SendSendOneInt))
, (con1, (0, ~SendInt))
, (sock, (_, Nat))
, (main, (_, Int))
, (add2, (_, (c1 : ~SendInt) -> (c3 : SendSendOneInt) -> Int))
, (send2, (_, (c : SendInt) -> ())) ] (~SendInt) (~SendInt)
subtype: Entering [ (con2, (0, SendSendOneInt))
, (con1, (0, ~SendInt))
, (sock, (_, Nat))
, (main, (_, Int))
, (add2, (_, (c1 : ~SendInt) -> (c3 : SendSendOneInt) -> Int))
, (send2, (_, (c : SendInt) -> ())) ] (~SendInt) (?Int. ?Int. ())
subtype: Entering [ (con2, (0, SendSendOneInt))
, (con1, (0, ~SendInt))
, (sock, (_, Nat))
, (main, (_, Int))
, (add2, (_, (c1 : ~SendInt) -> (c3 : SendSendOneInt) -> Int))
, (send2, (_, (c : SendInt) -> ())) ] (?Int. ?Int. ()) (?Int. ?Int. ())
subtype: Entering [ (con2, (0, SendSendOneInt))
, (con1, (0, ~SendInt))
, (sock, (_, Nat))
, (main, (_, Int))
, (add2, (_, (c1 : ~SendInt) -> (c3 : SendSendOneInt) -> Int))
, (send2, (_, (c : SendInt) -> ())) ] (Int) (Int)
subtype: [ (con2, (0, SendSendOneInt))
, (con1, (0, ~SendInt))
, (sock, (_, Nat))
, (main, (_, Int))
, (add2, (_, (c1 : ~SendInt) -> (c3 : SendSendOneInt) -> Int))
, (send2, (_, (c : SendInt) -> ())) ] (Int) (Int) = Kunit
subtype: Entering [ (zz6, (_, Int))
, (con2, (0, SendSendOneInt))
, (con1, (0, ~SendInt))
, (sock, (_, Nat))
, (main, (_, Int))
, (add2, (_, (c1 : ~SendInt) -> (c3 : SendSendOneInt) -> Int))
, (send2, (_, (c : SendInt) -> ())) ] (?Int. ()) (?Int. ())
subtype: Entering [ (zz6, (_, Int))
, (con2, (0, SendSendOneInt))
, (con1, (0, ~SendInt))
, (sock, (_, Nat))
, (main, (_, Int))
, (add2, (_, (c1 : ~SendInt) -> (c3 : SendSendOneInt) -> Int))
, (send2, (_, (c : SendInt) -> ())) ] (Int) (Int)
subtype: [ (zz6, (_, Int))
, (con2, (0, SendSendOneInt))
, (con1, (0, ~SendInt))
, (sock, (_, Nat))
, (main, (_, Int))
, (add2, (_, (c1 : ~SendInt) -> (c3 : SendSendOneInt) -> Int))
, (send2, (_, (c : SendInt) -> ())) ] (Int) (Int) = Kunit
subtype: Entering [ (zz7, (_, Int))
, (zz6, (_, Int))
, (con2, (0, SendSendOneInt))
, (con1, (0, ~SendInt))
, (sock, (_, Nat))
, (main, (_, Int))
, (add2, (_, (c1 : ~SendInt) -> (c3 : SendSendOneInt) -> Int))
, (send2, (_, (c : SendInt) -> ())) ] (()) (())
subtype: Entering [ (con2, (0, SendSendOneInt))
, (con1, (0, ~SendInt))
, (sock, (_, Nat))
, (main, (_, Int))
, (add2, (_, (c1 : ~SendInt) -> (c3 : SendSendOneInt) -> Int))
, (send2, (_, (c : SendInt) -> ())) ] (SendSendOneInt) (SendSendOneInt)
subtype: Entering [ (con2, (0, SendSendOneInt))
, (con1, (0, ~SendInt))
, (sock, (_, Nat))
, (main, (_, Int))
, (add2, (_, (c1 : ~SendInt) -> (c3 : SendSendOneInt) -> Int))
, (send2, (_, (c : SendInt) -> ())) ] (SendSendOneInt) (!SendOneInt. ?SendOneInt. ())
subtype: Entering [ (con2, (0, SendSendOneInt))
, (con1, (0, ~SendInt))
, (sock, (_, Nat))
, (main, (_, Int))
, (add2, (_, (c1 : ~SendInt) -> (c3 : SendSendOneInt) -> Int))
, (send2, (_, (c : SendInt) -> ())) ] (!SendOneInt. ?SendOneInt. ()) (!SendOneInt. ?SendOneInt. ())
subtype: Entering [ (con2, (0, SendSendOneInt))
, (con1, (0, ~SendInt))
, (sock, (_, Nat))
, (main, (_, Int))
, (add2, (_, (c1 : ~SendInt) -> (c3 : SendSendOneInt) -> Int))
, (send2, (_, (c : SendInt) -> ())) ] (SendOneInt) (SendOneInt)
subtype: Entering [ (con2, (0, SendSendOneInt))
, (con1, (0, ~SendInt))
, (sock, (_, Nat))
, (main, (_, Int))
, (add2, (_, (c1 : ~SendInt) -> (c3 : SendSendOneInt) -> Int))
, (send2, (_, (c : SendInt) -> ())) ] (SendOneInt) (?Int. ())
subtype: Entering [ (con2, (0, SendSendOneInt))
, (con1, (0, ~SendInt))
, (sock, (_, Nat))
, (main, (_, Int))
, (add2, (_, (c1 : ~SendInt) -> (c3 : SendSendOneInt) -> Int))
, (send2, (_, (c : SendInt) -> ())) ] (?Int. ()) (?Int. ())
subtype: Entering [ (con2, (0, SendSendOneInt))
, (con1, (0, ~SendInt))
, (sock, (_, Nat))
, (main, (_, Int))
, (add2, (_, (c1 : ~SendInt) -> (c3 : SendSendOneInt) -> Int))
, (send2, (_, (c : SendInt) -> ())) ] (Int) (Int)
subtype: [ (con2, (0, SendSendOneInt))
, (con1, (0, ~SendInt))
, (sock, (_, Nat))
, (main, (_, Int))
, (add2, (_, (c1 : ~SendInt) -> (c3 : SendSendOneInt) -> Int))
, (send2, (_, (c : SendInt) -> ())) ] (Int) (Int) = Kunit
subtype: Entering [ (zz6, (_, Int))
, (con2, (0, SendSendOneInt))
, (con1, (0, ~SendInt))
, (sock, (_, Nat))
, (main, (_, Int))
, (add2, (_, (c1 : ~SendInt) -> (c3 : SendSendOneInt) -> Int))
, (send2, (_, (c : SendInt) -> ())) ] (()) (())
subtype: [ (con2, (0, SendSendOneInt))
, (con1, (0, ~SendInt))
, (sock, (_, Nat))
, (main, (_, Int))
, (add2, (_, (c1 : ~SendInt) -> (c3 : SendSendOneInt) -> Int))
, (send2, (_, (c : SendInt) -> ())) ] (?Int. ()) (?Int. ()) = Kssn
subtype: [ (con2, (0, SendSendOneInt))
, (con1, (0, ~SendInt))
, (sock, (_, Nat))
, (main, (_, Int))
, (add2, (_, (c1 : ~SendInt) -> (c3 : SendSendOneInt) -> Int))
, (send2, (_, (c : SendInt) -> ())) ] (SendOneInt) (?Int. ()) = Kssn
subtype: [ (con2, (0, SendSendOneInt))
, (con1, (0, ~SendInt))
, (sock, (_, Nat))
, (main, (_, Int))
, (add2, (_, (c1 : ~SendInt) -> (c3 : SendSendOneInt) -> Int))
, (send2, (_, (c : SendInt) -> ())) ] (SendOneInt) (SendOneInt) = Kssn
subtype: Entering [ (zz6, (0, SendOneInt))
, (con2, (0, SendSendOneInt))
, (con1, (0, ~SendInt))
, (sock, (_, Nat))
, (main, (_, Int))
, (add2, (_, (c1 : ~SendInt) -> (c3 : SendSendOneInt) -> Int))
, (send2, (_, (c : SendInt) -> ())) ] (?SendOneInt. ()) (?SendOneInt. ())
subtype: Entering [ (zz6, (0, SendOneInt))
, (con2, (0, SendSendOneInt))
, (con1, (0, ~SendInt))
, (sock, (_, Nat))
, (main, (_, Int))
, (add2, (_, (c1 : ~SendInt) -> (c3 : SendSendOneInt) -> Int))
, (send2, (_, (c : SendInt) -> ())) ] (SendOneInt) (SendOneInt)
subtype: [ (zz6, (0, SendOneInt))
, (con2, (0, SendSendOneInt))
, (con1, (0, ~SendInt))
, (sock, (_, Nat))
, (main, (_, Int))
, (add2, (_, (c1 : ~SendInt) -> (c3 : SendSendOneInt) -> Int))
, (send2, (_, (c : SendInt) -> ())) ] (SendOneInt) (SendOneInt) = Kssn
subtype: Entering [ (zz7, (0, SendOneInt))
, (zz6, (0, SendOneInt))
, (con2, (0, SendSendOneInt))
, (con1, (0, ~SendInt))
, (sock, (_, Nat))
, (main, (_, Int))
, (add2, (_, (c1 : ~SendInt) -> (c3 : SendSendOneInt) -> Int))
, (send2, (_, (c : SendInt) -> ())) ] (()) (())
subtype: Entering [ (main, (_, Int))
, (add2, (_, (c1 : ~SendInt) -> (c3 : SendSendOneInt) -> Int))
, (send2, (_, (c : SendInt) -> ())) ] (Int) (Int)
Trying to connect to: 127.0.0.1:4242
Recieved message from unknown connection!
    Response to 2qtKSkk0: NOkayIntroduce (String:"jeXkisal")
    Message: NConversationMessage (String:"zX5GFXLS") (NIntroduceClient (String:"2qtKSkk0") (String:"4444") (TName (Bool:False) (String:"SendInt"))) 
Trying to connect to: 127.0.0.1:4242
Sending message as: 2qtKSkk0 to: jeXkisal
    Over: 127.0.0.1:4242
    Message: NIntroduceClient (String:"2qtKSkk0") (String:"4444") (TName (Bool:False) (String:"SendInt"))
Sending message as: 2qtKSkk0 to: jeXkisal
    Over: 127.0.0.1:4242
    Message: NNewValue (String:"2qtKSkk0") (Int:1) (VInt (Int:1))
Recieved message as: jeXkisal (4242) from: 2qtKSkk0
    NConversationMessage (String:"TnqJUqNq") (NNewValue (String:"2qtKSkk0") (Int:1) (VInt (Int:1))) 
    Message: NConversationMessage (String:"TnqJUqNq") (NNewValue (String:"2qtKSkk0") (Int:1) (VInt (Int:1))) 
Recieved message from unknown connection!
    Response to wmx6A5ja: NOkayIntroduce (String:"ZiF6PJBB")
    Message: NConversationMessage (String:"VfQAXOMt") (NIntroduceClient (String:"wmx6A5ja") (String:"4343") (TName (Bool:True) (String:"SendSendOneInt"))) 
Message okay: NNewValue (String:"2qtKSkk0") (Int:1) (VInt (Int:1))
Sending message as: 2qtKSkk0 to: jeXkisal
    Over: 127.0.0.1:4242
    Message: NNewValue (String:"2qtKSkk0") (Int:2) (VInt (Int:42))
Recieved message as: jeXkisal (4242) from: 2qtKSkk0
Set RedirectRequest for 2qtKSkk0 to 127.0.0.1:4343
    NConversationMessage (String:"WTBsV5Na") (NNewValue (String:"2qtKSkk0") (Int:2) (VInt (Int:42))) 
    Message: NConversationMessage (String:"WTBsV5Na") (NNewValue (String:"2qtKSkk0") (Int:2) (VInt (Int:42))) 
Sending message as: ZiF6PJBB to: wmx6A5ja
    Over: 127.0.0.1:4343
    Message: NNewValue (String:"ZiF6PJBB") (Int:1) (VChanSerial (((SValuesArray [VInt (Int:1)]) (Int:1))) (((SValuesArray []) (Int:0))) (String:"2qtKSkk0") (String:"jeXkisal") (((String:"127.0.0.1") (String:"4444"))))
Trying to connect to: 127.0.0.1:4343
Sending message as: wmx6A5ja to: ZiF6PJBB
    Over: 127.0.0.1:4242
    Message: NIntroduceClient (String:"wmx6A5ja") (String:"4343") (TName (Bool:True) (String:"SendSendOneInt"))
Message okay: NNewValue (String:"2qtKSkk0") (Int:2) (VInt (Int:42))
Recieved Message: NConversationCloseAll 
Recieved message as: wmx6A5ja (4343) from: ZiF6PJBB
    NConversationMessage (String:"LavJod41") (NNewValue (String:"ZiF6PJBB") (Int:1) (VChanSerial (((SValuesArray [VInt (Int:1)]) (Int:1))) (((SValuesArray []) (Int:0))) (String:"2qtKSkk0") (String:"jeXkisal") (((String:"127.0.0.1") (String:"4444"))))) 
Sending message as: jeXkisal to: 2qtKSkk0
Result: VUnit
    Over: 127.0.0.1:4444
    Message: NIntroduceNewPartnerAddress (String:"jeXkisal") (String:"4343")
Trying to connect to: 127.0.0.1:4444
Sending message as: jeXkisal to: 2qtKSkk0
    Over: 127.0.0.1:4444
    Message: NRequestSync (String:"jeXkisal")
Set RedirectRequest for 2qtKSkk0 to 127.0.0.1:4242
Sending message as: wmx6A5ja to: ZiF6PJBB
    Message: NConversationMessage (String:"LavJod41") (NNewValue (String:"ZiF6PJBB") (Int:1) (VChanSerial (((SValuesArray [VInt (Int:1)]) (Int:1))) (((SValuesArray []) (Int:0))) (String:"2qtKSkk0") (String:"jeXkisal") (((String:"127.0.0.1") (String:"4444"))))) 
    Over: 127.0.0.1:4242
    Message: NNewValue (String:"wmx6A5ja") (Int:1) (VChanSerial (((SValuesArray [VInt (Int:1)]) (Int:1))) (((SValuesArray []) (Int:0))) (String:"2qtKSkk0") (String:"jeXkisal") (((String:"127.0.0.1") (String:"4444"))))
Message okay: NNewValue (String:"ZiF6PJBB") (Int:1) (VChanSerial (((SValuesArray [VInt (Int:1)]) (Int:1))) (((SValuesArray []) (Int:0))) (String:"2qtKSkk0") (String:"jeXkisal") (((String:"127.0.0.1") (String:"4444"))))
Recieved message as: ZiF6PJBB (4242) from: wmx6A5ja
    NConversationMessage (String:"Fn1geJ94") (NNewValue (String:"wmx6A5ja") (Int:1) (VChanSerial (((SValuesArray [VInt (Int:1)]) (Int:1))) (((SValuesArray []) (Int:0))) (String:"2qtKSkk0") (String:"jeXkisal") (((String:"127.0.0.1") (String:"4444"))))) 
Sending message as: jeXkisal to: 2qtKSkk0
    Over: 127.0.0.1:4444
    Message: NIntroduceNewPartnerAddress (String:"jeXkisal") (String:"4242")
Trying to connect to: 127.0.0.1:4444
Sending message as: jeXkisal to: 2qtKSkk0
    Over: 127.0.0.1:4444
    Message: NRequestSync (String:"jeXkisal")
Error when recieving response
Not connected to peer
Trying to connect to: 127.0.0.1:4444
Original message: NIntroduceNewPartnerAddress (String:"jeXkisal") (String:"4242")
Old communication partner offline! No longer retrying
    Message: NConversationMessage (String:"Fn1geJ94") (NNewValue (String:"wmx6A5ja") (Int:1) (VChanSerial (((SValuesArray [VInt (Int:1)]) (Int:1))) (((SValuesArray []) (Int:0))) (String:"2qtKSkk0") (String:"jeXkisal") (((String:"127.0.0.1") (String:"4444"))))) 
Message okay: NNewValue (String:"wmx6A5ja") (Int:1) (VChanSerial (((SValuesArray [VInt (Int:1)]) (Int:1))) (((SValuesArray []) (Int:0))) (String:"2qtKSkk0") (String:"jeXkisal") (((String:"127.0.0.1") (String:"4444"))))
Recieved Message: NConversationCloseAll 
Error: <socket: 87>: commitBuffer: resource vanished (Broken pipe)
Error when recieving response
Not connected to peer
Original message: NRequestSync (String:"jeXkisal")
Old communication partner offline! No longer retrying
