68 Handoff4
subtype: Entering [(c, (0, SendInt))] (Nat) (Int)
subtype: Entering [(x, (0, !Int. ())), (c, (0, SendInt))] (Nat) (Int)
subtype: Entering [ (c3, (_, ()))
, (n, (_, Int))
, (c2, (0, ?Int. ()))
, (m, (_, Int))
, (c1, (0, ~SendInt))
, (send2, (_, (c : SendInt) -> ())) ] (Int) (Int)
subtype: Entering [ (c3, (_, ()))
, (n, (_, Int))
, (c2, (0, ?Int. ()))
, (m, (_, Int))
, (c1, (0, ~SendInt))
, (send2, (_, (c : SendInt) -> ())) ] (Int) (Int)
subtype: Entering [ (con, (0, SendInt))
, (sock, (_, Nat))
, (main, (_, ()))
, (add2, (_, (c1 : ~SendInt) -> Int))
, (send2, (_, (c : SendInt) -> ())) ] (SendInt) (SendInt)
subtype: Entering [ (con, (0, SendInt))
, (sock, (_, Nat))
, (main, (_, ()))
, (add2, (_, (c1 : ~SendInt) -> Int))
, (send2, (_, (c : SendInt) -> ())) ] (SendInt) (!Int. !Int. ())
subtype: Entering [ (con, (0, SendInt))
, (sock, (_, Nat))
, (main, (_, ()))
, (add2, (_, (c1 : ~SendInt) -> Int))
, (send2, (_, (c : SendInt) -> ())) ] (!Int. !Int. ()) (!Int. !Int. ())
subtype: Entering [ (con, (0, SendInt))
, (sock, (_, Nat))
, (main, (_, ()))
, (add2, (_, (c1 : ~SendInt) -> Int))
, (send2, (_, (c : SendInt) -> ())) ] (Int) (Int)
subtype: [ (con, (0, SendInt))
, (sock, (_, Nat))
, (main, (_, ()))
, (add2, (_, (c1 : ~SendInt) -> Int))
, (send2, (_, (c : SendInt) -> ())) ] (Int) (Int) = Kunit
subtype: Entering [ (zz5, (_, Int))
, (con, (0, SendInt))
, (sock, (_, Nat))
, (main, (_, ()))
, (add2, (_, (c1 : ~SendInt) -> Int))
, (send2, (_, (c : SendInt) -> ())) ] (!Int. ()) (!Int. ())
subtype: Entering [ (zz5, (_, Int))
, (con, (0, SendInt))
, (sock, (_, Nat))
, (main, (_, ()))
, (add2, (_, (c1 : ~SendInt) -> Int))
, (send2, (_, (c : SendInt) -> ())) ] (Int) (Int)
subtype: [ (zz5, (_, Int))
, (con, (0, SendInt))
, (sock, (_, Nat))
, (main, (_, ()))
, (add2, (_, (c1 : ~SendInt) -> Int))
, (send2, (_, (c : SendInt) -> ())) ] (Int) (Int) = Kunit
subtype: Entering [ (zz6, (_, Int))
, (zz5, (_, Int))
, (con, (0, SendInt))
, (sock, (_, Nat))
, (main, (_, ()))
, (add2, (_, (c1 : ~SendInt) -> Int))
, (send2, (_, (c : SendInt) -> ())) ] (()) (())
subtype: Entering [ (main, (_, ()))
, (add2, (_, (c1 : ~SendInt) -> Int))
, (send2, (_, (c : SendInt) -> ())) ] (()) (())
Trying to connect to: 127.0.0.1:4242
subtype: Entering [(c, (0, SendInt))] (Nat) (Int)
subtype: Entering [(x, (0, !Int. ())), (c, (0, SendInt))] (Nat) (Int)
subtype: Entering [ (c2, (0, ?Int. ()))
, (m, (_, Int))
, (c3, (0, SendSendOneInt))
, (c1, (0, ~SendInt))
, (send2, (_, (c : SendInt) -> ())) ] (?Int. ()) (SendOneInt)
subtype: Entering [ (c2, (0, ?Int. ()))
, (m, (_, Int))
, (c3, (0, SendSendOneInt))
, (c1, (0, ~SendInt))
, (send2, (_, (c : SendInt) -> ())) ] (?Int. ()) (?Int. ())
subtype: Entering [ (c2, (0, ?Int. ()))
, (m, (_, Int))
, (c3, (0, SendSendOneInt))
, (c1, (0, ~SendInt))
, (send2, (_, (c : SendInt) -> ())) ] (Int) (Int)
subtype: Entering [ (c2, (0, !SendOneInt. ()))
, (oneint, (0, SendOneInt))
, (con, (0, ~SendSendOneInt))
, (sock, (_, Nat))
, (main, (_, ())) ] (SendOneInt) (SendOneInt)
subtype: Entering [ (c2, (0, !SendOneInt. ()))
, (oneint, (0, SendOneInt))
, (con, (0, ~SendSendOneInt))
, (sock, (_, Nat))
, (main, (_, ())) ] (SendOneInt) (?Int. ())
subtype: Entering [ (c2, (0, !SendOneInt. ()))
, (oneint, (0, SendOneInt))
, (con, (0, ~SendSendOneInt))
, (sock, (_, Nat))
, (main, (_, ())) ] (?Int. ()) (?Int. ())
subtype: Entering [ (c2, (0, !SendOneInt. ()))
, (oneint, (0, SendOneInt))
, (con, (0, ~SendSendOneInt))
, (sock, (_, Nat))
, (main, (_, ())) ] (Int) (Int)
subtype: [ (c2, (0, !SendOneInt. ()))
, (oneint, (0, SendOneInt))
, (con, (0, ~SendSendOneInt))
, (sock, (_, Nat))
, (main, (_, ())) ] (Int) (Int) = Kunit
subtype: Entering [ (zz5, (_, Int))
, (c2, (0, !SendOneInt. ()))
, (oneint, (0, SendOneInt))
, (con, (0, ~SendSendOneInt))
, (sock, (_, Nat))
, (main, (_, ())) ] (()) (())
subtype: Entering [(main, (_, ()))] (()) (())
Trying to connect to: 127.0.0.1:4242
subtype: [ (c2, (0, ?Int. ()))
, (m, (_, Int))
, (c3, (0, SendSendOneInt))
, (c1, (0, ~SendInt))
, (send2, (_, (c : SendInt) -> ())) ] (Int) (Int) = Kunit
subtype: Entering [ (zz5, (_, Int))
, (c2, (0, ?Int. ()))
, (m, (_, Int))
, (c3, (0, SendSendOneInt))
, (c1, (0, ~SendInt))
, (send2, (_, (c : SendInt) -> ())) ] (()) (())
subtype: Entering [ (z, (_, ()))
, (n, (_, Int))
, (x, (_, ()))
, (oneint, (0, SendOneInt))
, (y, (0, ?SendOneInt. ()))
, (c2, (0, ?Int. ()))
, (m, (_, Int))
, (c3, (0, SendSendOneInt))
, (c1, (0, ~SendInt))
, (send2, (_, (c : SendInt) -> ())) ] (Int) (Int)
subtype: Entering [ (z, (_, ()))
, (n, (_, Int))
, (x, (_, ()))
, (oneint, (0, SendOneInt))
, (y, (0, ?SendOneInt. ()))
, (c2, (0, ?Int. ()))
, (m, (_, Int))
, (c3, (0, SendSendOneInt))
, (c1, (0, ~SendInt))
, (send2, (_, (c : SendInt) -> ())) ] (Int) (Int)
subtype: Entering [ (con2, (0, SendSendOneInt))
, (con1, (0, ~SendInt))
, (sock, (_, Nat))
, (main, (_, Int))
, (add2, (_, (c1 : ~SendInt) -> (c3 : SendSendOneInt) -> Int))
, (send2, (_, (c : SendInt) -> ())) ] (~SendInt) (~SendInt)
subtype: Entering [ (con2, (0, SendSendOneInt))
, (con1, (0, ~SendInt))
, (sock, (_, Nat))
, (main, (_, Int))
, (add2, (_, (c1 : ~SendInt) -> (c3 : SendSendOneInt) -> Int))
, (send2, (_, (c : SendInt) -> ())) ] (~SendInt) (?Int. ?Int. ())
subtype: Entering [ (con2, (0, SendSendOneInt))
, (con1, (0, ~SendInt))
, (sock, (_, Nat))
, (main, (_, Int))
, (add2, (_, (c1 : ~SendInt) -> (c3 : SendSendOneInt) -> Int))
, (send2, (_, (c : SendInt) -> ())) ] (?Int. ?Int. ()) (?Int. ?Int. ())
subtype: Entering [ (con2, (0, SendSendOneInt))
, (con1, (0, ~SendInt))
, (sock, (_, Nat))
, (main, (_, Int))
, (add2, (_, (c1 : ~SendInt) -> (c3 : SendSendOneInt) -> Int))
, (send2, (_, (c : SendInt) -> ())) ] (Int) (Int)
subtype: [ (con2, (0, SendSendOneInt))
, (con1, (0, ~SendInt))
, (sock, (_, Nat))
, (main, (_, Int))
, (add2, (_, (c1 : ~SendInt) -> (c3 : SendSendOneInt) -> Int))
, (send2, (_, (c : SendInt) -> ())) ] (Int) (Int) = Kunit
subtype: Entering [ (zz6, (_, Int))
, (con2, (0, SendSendOneInt))
, (con1, (0, ~SendInt))
, (sock, (_, Nat))
, (main, (_, Int))
, (add2, (_, (c1 : ~SendInt) -> (c3 : SendSendOneInt) -> Int))
, (send2, (_, (c : SendInt) -> ())) ] (?Int. ()) (?Int. ())
subtype: Entering [ (zz6, (_, Int))
, (con2, (0, SendSendOneInt))
, (con1, (0, ~SendInt))
, (sock, (_, Nat))
, (main, (_, Int))
, (add2, (_, (c1 : ~SendInt) -> (c3 : SendSendOneInt) -> Int))
, (send2, (_, (c : SendInt) -> ())) ] (Int) (Int)
subtype: [ (zz6, (_, Int))
, (con2, (0, SendSendOneInt))
, (con1, (0, ~SendInt))
, (sock, (_, Nat))
, (main, (_, Int))
, (add2, (_, (c1 : ~SendInt) -> (c3 : SendSendOneInt) -> Int))
, (send2, (_, (c : SendInt) -> ())) ] (Int) (Int) = Kunit
subtype: Entering [ (zz7, (_, Int))
, (zz6, (_, Int))
, (con2, (0, SendSendOneInt))
, (con1, (0, ~SendInt))
, (sock, (_, Nat))
, (main, (_, Int))
, (add2, (_, (c1 : ~SendInt) -> (c3 : SendSendOneInt) -> Int))
, (send2, (_, (c : SendInt) -> ())) ] (()) (())
subtype: Entering [ (con2, (0, SendSendOneInt))
, (con1, (0, ~SendInt))
, (sock, (_, Nat))
, (main, (_, Int))
, (add2, (_, (c1 : ~SendInt) -> (c3 : SendSendOneInt) -> Int))
, (send2, (_, (c : SendInt) -> ())) ] (SendSendOneInt) (SendSendOneInt)
subtype: Entering [ (con2, (0, SendSendOneInt))
, (con1, (0, ~SendInt))
, (sock, (_, Nat))
, (main, (_, Int))
, (add2, (_, (c1 : ~SendInt) -> (c3 : SendSendOneInt) -> Int))
, (send2, (_, (c : SendInt) -> ())) ] (SendSendOneInt) (!SendOneInt. ?SendOneInt. ())
subtype: Entering [ (con2, (0, SendSendOneInt))
, (con1, (0, ~SendInt))
, (sock, (_, Nat))
, (main, (_, Int))
, (add2, (_, (c1 : ~SendInt) -> (c3 : SendSendOneInt) -> Int))
, (send2, (_, (c : SendInt) -> ())) ] (!SendOneInt. ?SendOneInt. ()) (!SendOneInt. ?SendOneInt. ())
subtype: Entering [ (con2, (0, SendSendOneInt))
, (con1, (0, ~SendInt))
, (sock, (_, Nat))
, (main, (_, Int))
, (add2, (_, (c1 : ~SendInt) -> (c3 : SendSendOneInt) -> Int))
, (send2, (_, (c : SendInt) -> ())) ] (SendOneInt) (SendOneInt)
subtype: Entering [ (con2, (0, SendSendOneInt))
, (con1, (0, ~SendInt))
, (sock, (_, Nat))
, (main, (_, Int))
, (add2, (_, (c1 : ~SendInt) -> (c3 : SendSendOneInt) -> Int))
, (send2, (_, (c : SendInt) -> ())) ] (SendOneInt) (?Int. ())
subtype: Entering [ (con2, (0, SendSendOneInt))
, (con1, (0, ~SendInt))
, (sock, (_, Nat))
, (main, (_, Int))
, (add2, (_, (c1 : ~SendInt) -> (c3 : SendSendOneInt) -> Int))
, (send2, (_, (c : SendInt) -> ())) ] (?Int. ()) (?Int. ())
subtype: Entering [ (con2, (0, SendSendOneInt))
, (con1, (0, ~SendInt))
, (sock, (_, Nat))
, (main, (_, Int))
, (add2, (_, (c1 : ~SendInt) -> (c3 : SendSendOneInt) -> Int))
, (send2, (_, (c : SendInt) -> ())) ] (Int) (Int)
subtype: [ (con2, (0, SendSendOneInt))
, (con1, (0, ~SendInt))
, (sock, (_, Nat))
, (main, (_, Int))
, (add2, (_, (c1 : ~SendInt) -> (c3 : SendSendOneInt) -> Int))
, (send2, (_, (c : SendInt) -> ())) ] (Int) (Int) = Kunit
subtype: Entering [ (zz6, (_, Int))
, (con2, (0, SendSendOneInt))
, (con1, (0, ~SendInt))
, (sock, (_, Nat))
, (main, (_, Int))
, (add2, (_, (c1 : ~SendInt) -> (c3 : SendSendOneInt) -> Int))
, (send2, (_, (c : SendInt) -> ())) ] (()) (())
subtype: [ (con2, (0, SendSendOneInt))
, (con1, (0, ~SendInt))
, (sock, (_, Nat))
, (main, (_, Int))
, (add2, (_, (c1 : ~SendInt) -> (c3 : SendSendOneInt) -> Int))
, (send2, (_, (c : SendInt) -> ())) ] (?Int. ()) (?Int. ()) = Kssn
subtype: [ (con2, (0, SendSendOneInt))
, (con1, (0, ~SendInt))
, (sock, (_, Nat))
, (main, (_, Int))
, (add2, (_, (c1 : ~SendInt) -> (c3 : SendSendOneInt) -> Int))
, (send2, (_, (c : SendInt) -> ())) ] (SendOneInt) (?Int. ()) = Kssn
subtype: [ (con2, (0, SendSendOneInt))
, (con1, (0, ~SendInt))
, (sock, (_, Nat))
, (main, (_, Int))
, (add2, (_, (c1 : ~SendInt) -> (c3 : SendSendOneInt) -> Int))
, (send2, (_, (c : SendInt) -> ())) ] (SendOneInt) (SendOneInt) = Kssn
subtype: Entering [ (zz6, (0, SendOneInt))
, (con2, (0, SendSendOneInt))
, (con1, (0, ~SendInt))
, (sock, (_, Nat))
, (main, (_, Int))
, (add2, (_, (c1 : ~SendInt) -> (c3 : SendSendOneInt) -> Int))
, (send2, (_, (c : SendInt) -> ())) ] (?SendOneInt. ()) (?SendOneInt. ())
subtype: Entering [ (zz6, (0, SendOneInt))
, (con2, (0, SendSendOneInt))
, (con1, (0, ~SendInt))
, (sock, (_, Nat))
, (main, (_, Int))
, (add2, (_, (c1 : ~SendInt) -> (c3 : SendSendOneInt) -> Int))
, (send2, (_, (c : SendInt) -> ())) ] (SendOneInt) (SendOneInt)
subtype: [ (zz6, (0, SendOneInt))
, (con2, (0, SendSendOneInt))
, (con1, (0, ~SendInt))
, (sock, (_, Nat))
, (main, (_, Int))
, (add2, (_, (c1 : ~SendInt) -> (c3 : SendSendOneInt) -> Int))
, (send2, (_, (c : SendInt) -> ())) ] (SendOneInt) (SendOneInt) = Kssn
subtype: Entering [ (zz7, (0, SendOneInt))
, (zz6, (0, SendOneInt))
, (con2, (0, SendSendOneInt))
, (con1, (0, ~SendInt))
, (sock, (_, Nat))
, (main, (_, Int))
, (add2, (_, (c1 : ~SendInt) -> (c3 : SendSendOneInt) -> Int))
, (send2, (_, (c : SendInt) -> ())) ] (()) (())
subtype: Entering [ (main, (_, Int))
, (add2, (_, (c1 : ~SendInt) -> (c3 : SendSendOneInt) -> Int))
, (send2, (_, (c : SendInt) -> ())) ] (Int) (Int)
Trying to connect to: 127.0.0.1:4242
Recieved message from unknown connection!
    Response to VpPec4uW: NOkayIntroduce (String:"jH1858Qj")
    Message: NConversationMessage (String:"S3CtxIOM") (NIntroduceClient (String:"VpPec4uW") (String:"4444") (TName (Bool:False) (String:"SendInt"))) 
Sending message as: VpPec4uW to: jH1858Qj
    Over: 127.0.0.1:4242
    Message: NIntroduceClient (String:"VpPec4uW") (String:"4444") (TName (Bool:False) (String:"SendInt"))
Sending message as: VpPec4uW to: jH1858Qj
    Over: 127.0.0.1:4242
    Message: NNewValue (String:"VpPec4uW") (Int:1) (VInt (Int:1))
Trying to connect to: 127.0.0.1:4242
Recieved message as: jH1858Qj (4242) from: VpPec4uW
    NConversationMessage (String:"4TMypj1q") (NNewValue (String:"VpPec4uW") (Int:1) (VInt (Int:1))) 
    Message: NConversationMessage (String:"4TMypj1q") (NNewValue (String:"VpPec4uW") (Int:1) (VInt (Int:1))) 
Recieved message from unknown connection!
    Response to vMZnsPjr: NOkayIntroduce (String:"UlCVAW3h")
    Message: NConversationMessage (String:"BgozYUq4") (NIntroduceClient (String:"vMZnsPjr") (String:"4343") (TName (Bool:True) (String:"SendSendOneInt"))) 
Message okay: NNewValue (String:"VpPec4uW") (Int:1) (VInt (Int:1))
Sending message as: VpPec4uW to: jH1858Qj
    Over: 127.0.0.1:4242
    Message: NNewValue (String:"VpPec4uW") (Int:2) (VInt (Int:42))
Recieved message as: jH1858Qj (4242) from: VpPec4uW
Set RedirectRequest for VpPec4uW to 127.0.0.1:4343
    NConversationMessage (String:"BCDcGrTr") (NNewValue (String:"VpPec4uW") (Int:2) (VInt (Int:42))) 
Sending message as: UlCVAW3h to: vMZnsPjr
    Over: 127.0.0.1:4343
    Message: NConversationMessage (String:"BCDcGrTr") (NNewValue (String:"VpPec4uW") (Int:2) (VInt (Int:42))) 
    Message: NNewValue (String:"UlCVAW3h") (Int:1) (VChanSerial (((SValuesArray [VInt (Int:1)]) (Int:1))) (((SValuesArray []) (Int:0))) (String:"VpPec4uW") (String:"jH1858Qj") (((String:"127.0.0.1") (String:"4444"))))
Trying to connect to: 127.0.0.1:4343
Sending message as: vMZnsPjr to: UlCVAW3h
    Over: 127.0.0.1:4242
    Message: NIntroduceClient (String:"vMZnsPjr") (String:"4343") (TName (Bool:True) (String:"SendSendOneInt"))
Message okay: NNewValue (String:"VpPec4uW") (Int:2) (VInt (Int:42))
Recieved Message: NConversationCloseAll 
Recieved message as: vMZnsPjr (4343) from: UlCVAW3h
    NConversationMessage (String:"63Rah82u") (NNewValue (String:"UlCVAW3h") (Int:1) (VChanSerial (((SValuesArray [VInt (Int:1)]) (Int:1))) (((SValuesArray []) (Int:0))) (String:"VpPec4uW") (String:"jH1858Qj") (((String:"127.0.0.1") (String:"4444"))))) 
Sending message as: jH1858Qj to: VpPec4uW
    Over: 127.0.0.1:4444
    Message: NIntroduceNewPartnerAddress (String:"jH1858Qj") (String:"4343")
Trying to connect to: 127.0.0.1:4444
Result: VUnit
Sending message as: jH1858Qj to: VpPec4uW
    Over: 127.0.0.1:4444
    Message: NRequestSync (String:"jH1858Qj")
Set RedirectRequest for VpPec4uW to 127.0.0.1:4242
Sending message as: vMZnsPjr to: UlCVAW3h
    Over: 127.0.0.1:4242
    Message: NConversationMessage (String:"63Rah82u") (NNewValue (String:"UlCVAW3h") (Int:1) (VChanSerial (((SValuesArray [VInt (Int:1)]) (Int:1))) (((SValuesArray []) (Int:0))) (String:"VpPec4uW") (String:"jH1858Qj") (((String:"127.0.0.1") (String:"4444"))))) 
    Message: NNewValue (String:"vMZnsPjr") (Int:1) (VChanSerial (((SValuesArray [VInt (Int:1)]) (Int:1))) (((SValuesArray []) (Int:0))) (String:"VpPec4uW") (String:"jH1858Qj") (((String:"127.0.0.1") (String:"4444"))))
Recieved message as: UlCVAW3h (4242) from: vMZnsPjr
    NConversationMessage (String:"OVTL5vVl") (NNewValue (String:"vMZnsPjr") (Int:1) (VChanSerial (((SValuesArray [VInt (Int:1)]) (Int:1))) (((SValuesArray []) (Int:0))) (String:"VpPec4uW") (String:"jH1858Qj") (((String:"127.0.0.1") (String:"4444"))))) 
Sending message as: jH1858Qj to: VpPec4uW
    Over: 127.0.0.1:4444
    Message: NIntroduceNewPartnerAddress (String:"jH1858Qj") (String:"4242")
Trying to connect to: 127.0.0.1:4444
Message okay: NNewValue (String:"UlCVAW3h") (Int:1) (VChanSerial (((SValuesArray [VInt (Int:1)]) (Int:1))) (((SValuesArray []) (Int:0))) (String:"VpPec4uW") (String:"jH1858Qj") (((String:"127.0.0.1") (String:"4444"))))
Error when recieving response
Not connected to peer
Original message: NIntroduceNewPartnerAddress (String:"jH1858Qj") (String:"4242")
Old communication partner offline! No longer retrying
    Message: NConversationMessage (String:"OVTL5vVl") (NNewValue (String:"vMZnsPjr") (Int:1) (VChanSerial (((SValuesArray [VInt (Int:1)]) (Int:1))) (((SValuesArray []) (Int:0))) (String:"VpPec4uW") (String:"jH1858Qj") (((String:"127.0.0.1") (String:"4444"))))) 
Sending message as: jH1858Qj to: VpPec4uW
    Over: 127.0.0.1:4444
    Message: NRequestSync (String:"jH1858Qj")
Trying to connect to: 127.0.0.1:4444
Message okay: NNewValue (String:"vMZnsPjr") (Int:1) (VChanSerial (((SValuesArray [VInt (Int:1)]) (Int:1))) (((SValuesArray []) (Int:0))) (String:"VpPec4uW") (String:"jH1858Qj") (((String:"127.0.0.1") (String:"4444"))))
Recieved Message: NConversationCloseAll 
Error: <socket: 87>: commitBuffer: resource vanished (Broken pipe)
Error when recieving response
Not connected to peer
Original message: NRequestSync (String:"jH1858Qj")
Old communication partner offline! No longer retrying