1051 Bidirhandoff
subtype: Entering [(c, (0, SendInt))] (Nat) (Int)
subtype: Entering [ (x2, (0, !Int. ?Int. ()))
, (n, (_, Int))
, (x, (0, ?Int. !Int. ?Int. ()))
, (c, (0, SendInt)) ] (Nat) (Int)
subtype: Entering [ (y2, (_, ()))
, (m, (_, Int))
, (y, (0, ?Int. ()))
, (x2, (0, !Int. ?Int. ()))
, (n, (_, Int))
, (x, (0, ?Int. !Int. ?Int. ()))
, (c, (0, SendInt)) ] (Int) (Int)
subtype: Entering [(c, (0, SendInt))] (Nat) (Int)
subtype: Entering [ (y2, (_, ()))
, (m, (_, Int))
, (y, (0, ?Int. ()))
, (x2, (0, !Int. ?Int. ()))
, (n, (_, Int))
, (x, (0, ?Int. !Int. ?Int. ()))
, (c, (0, SendInt)) ] (Int) (Int)
subtype: Entering [ (c2, (0, !Int. ?Int. !Int. ()))
, (m, (_, Int))
, (c1, (0, ~SendInt))
, (send2, (_, (c : SendInt) -> Int)) ] (Nat) (Int)
subtype: Entering [ (c3, (0, !Int. ()))
, (n, (_, Int))
, (c22, (0, ?Int. !Int. ()))
, (c2, (0, !Int. ?Int. !Int. ()))
, (m, (_, Int))
, (c1, (0, ~SendInt))
, (send2, (_, (c : SendInt) -> Int)) ] (Nat) (Int)
subtype: Entering [ (c32, (_, ()))
, (c3, (0, !Int. ()))
, (n, (_, Int))
, (c22, (0, ?Int. !Int. ()))
, (c2, (0, !Int. ?Int. !Int. ()))
, (m, (_, Int))
, (c1, (0, ~SendInt))
, (send2, (_, (c : SendInt) -> Int)) ] (Int) (Int)
subtype: Entering [ (c32, (_, ()))
, (c3, (0, !Int. ()))
, (n, (_, Int))
, (c22, (0, ?Int. !Int. ()))
, (c2, (0, !Int. ?Int. !Int. ()))
, (m, (_, Int))
, (c1, (0, ~SendInt))
, (send2, (_, (c : SendInt) -> Int)) ] (Int) (Int)
subtype: Entering [ (y, (_, ()))
, (talk, (0, SendIntClient))
, (con, (0, ~SendSendIntClient))
, (main, (_, Int))
, (add2, (_, (c1 : ~SendInt) -> Int))
, (send2, (_, (c : SendInt) -> Int)) ] (Nat) (Int)
subtype: Entering [ (main, (_, Int))
, (add2, (_, (c1 : ~SendInt) -> Int))
, (send2, (_, (c : SendInt) -> Int)) ] (Int) (Int)
subtype: Entering [ (x2, (0, !Int. ?Int. ()))
, (n, (_, Int))
, (x, (0, ?Int. !Int. ?Int. ()))
, (c, (0, SendInt)) ] (Nat) (Int)
subtype: Entering [ (y2, (_, ()))
, (m, (_, Int))
, (y, (0, ?Int. ()))
, (x2, (0, !Int. ?Int. ()))
, (n, (_, Int))
, (x, (0, ?Int. !Int. ?Int. ()))
, (c, (0, SendInt)) ] (Int) (Int)
subtype: Entering [(c, (0, SendInt))] (Nat) (Int)
subtype: Entering [ (x2, (0, !Int. ?Int. ()))
, (n, (_, Int))
, (x, (0, ?Int. !Int. ?Int. ()))
, (c, (0, SendInt)) ] (Nat) (Int)
subtype: Entering [ (y2, (_, ()))
, (m, (_, Int))
, (y, (0, ?Int. ()))
, (x2, (0, !Int. ?Int. ()))
, (n, (_, Int))
, (x, (0, ?Int. !Int. ?Int. ()))
, (c, (0, SendInt)) ] (Int) (Int)
subtype: Entering [ (y2, (_, ()))
, (m, (_, Int))
, (y, (0, ?Int. ()))
, (x2, (0, !Int. ?Int. ()))
, (n, (_, Int))
, (x, (0, ?Int. !Int. ?Int. ()))
, (c, (0, SendInt)) ] (Int) (Int)
subtype: Entering [ (c2, (0, !Int. ?Int. !Int. ()))
, (m, (_, Int))
, (c1, (0, ~SendInt))
, (send2, (_, (c : SendInt) -> Int)) ] (Nat) (Int)
subtype: Entering [ (c3, (0, !Int. ()))
, (n, (_, Int))
, (c22, (0, ?Int. !Int. ()))
, (c2, (0, !Int. ?Int. !Int. ()))
, (m, (_, Int))
, (c1, (0, ~SendInt))
, (send2, (_, (c : SendInt) -> Int)) ] (Nat) (Int)
subtype: Entering [ (c32, (_, ()))
, (c3, (0, !Int. ()))
, (n, (_, Int))
, (c22, (0, ?Int. !Int. ()))
, (c2, (0, !Int. ?Int. !Int. ()))
, (m, (_, Int))
, (c1, (0, ~SendInt))
, (send2, (_, (c : SendInt) -> Int)) ] (Int) (Int)
subtype: Entering [ (c32, (_, ()))
, (c3, (0, !Int. ()))
, (n, (_, Int))
, (c22, (0, ?Int. !Int. ()))
, (c2, (0, !Int. ?Int. !Int. ()))
, (m, (_, Int))
, (c1, (0, ~SendInt))
, (send2, (_, (c : SendInt) -> Int)) ] (Int) (Int)
subtype: Entering [ (c2, (0, !Int. ?Int. !Int. ()))
, (m, (_, Int))
, (con, (0, ~SendInt))
, (main, (_, Int))
, (add2, (_, (c1 : ~SendInt) -> Int))
, (send2, (_, (c : SendInt) -> Int)) ] (Nat) (Int)
subtype: Entering [ (con2, (0, SendSendIntServer))
, (c22, (0, ?Int. !Int. ()))
, (c2, (0, !Int. ?Int. !Int. ()))
, (m, (_, Int))
, (con, (0, ~SendInt))
, (main, (_, Int))
, (add2, (_, (c1 : ~SendInt) -> Int))
, (send2, (_, (c : SendInt) -> Int)) ] (?Int. !Int. ()) (SendIntServer)
subtype: Entering [ (con2, (0, SendSendIntServer))
, (c22, (0, ?Int. !Int. ()))
, (c2, (0, !Int. ?Int. !Int. ()))
, (m, (_, Int))
, (con, (0, ~SendInt))
, (main, (_, Int))
, (add2, (_, (c1 : ~SendInt) -> Int))
, (send2, (_, (c : SendInt) -> Int)) ] (?Int. !Int. ()) (?Int. !Int. ())
subtype: Entering [ (con2, (0, SendSendIntServer))
, (c22, (0, ?Int. !Int. ()))
, (c2, (0, !Int. ?Int. !Int. ()))
, (m, (_, Int))
, (con, (0, ~SendInt))
, (main, (_, Int))
, (add2, (_, (c1 : ~SendInt) -> Int))
, (send2, (_, (c : SendInt) -> Int)) ] (Int) (Int)
subtype: [ (con2, (0, SendSendIntServer))
, (c22, (0, ?Int. !Int. ()))
, (c2, (0, !Int. ?Int. !Int. ()))
, (m, (_, Int))
, (con, (0, ~SendInt))
, (main, (_, Int))
, (add2, (_, (c1 : ~SendInt) -> Int))
, (send2, (_, (c : SendInt) -> Int)) ] (Int) (Int) = Kunit
subtype: Entering [ (zz8, (_, Int))
, (con2, (0, SendSendIntServer))
, (c22, (0, ?Int. !Int. ()))
, (c2, (0, !Int. ?Int. !Int. ()))
, (m, (_, Int))
, (con, (0, ~SendInt))
, (main, (_, Int))
, (add2, (_, (c1 : ~SendInt) -> Int))
, (send2, (_, (c : SendInt) -> Int)) ] (!Int. ()) (!Int. ())
subtype: Entering [ (zz8, (_, Int))
, (con2, (0, SendSendIntServer))
, (c22, (0, ?Int. !Int. ()))
, (c2, (0, !Int. ?Int. !Int. ()))
, (m, (_, Int))
, (con, (0, ~SendInt))
, (main, (_, Int))
, (add2, (_, (c1 : ~SendInt) -> Int))
, (send2, (_, (c : SendInt) -> Int)) ] (Int) (Int)
subtype: [ (zz8, (_, Int))
, (con2, (0, SendSendIntServer))
, (c22, (0, ?Int. !Int. ()))
, (c2, (0, !Int. ?Int. !Int. ()))
, (m, (_, Int))
, (con, (0, ~SendInt))
, (main, (_, Int))
, (add2, (_, (c1 : ~SendInt) -> Int))
, (send2, (_, (c : SendInt) -> Int)) ] (Int) (Int) = Kunit
subtype: Entering [ (zz9, (_, Int))
, (zz8, (_, Int))
, (con2, (0, SendSendIntServer))
, (c22, (0, ?Int. !Int. ()))
, (c2, (0, !Int. ?Int. !Int. ()))
, (m, (_, Int))
, (con, (0, ~SendInt))
, (main, (_, Int))
, (add2, (_, (c1 : ~SendInt) -> Int))
, (send2, (_, (c : SendInt) -> Int)) ] (()) (())
subtype: Entering [ (main, (_, Int))
, (add2, (_, (c1 : ~SendInt) -> Int))
, (send2, (_, (c : SendInt) -> Int)) ] (Int) (Int)
subtype: Entering [ (y2, (_, ()))
, (m, (_, Int))
, (y, (0, ?Int. ()))
, (x2, (0, !Int. ?Int. ()))
, (n, (_, Int))
, (x, (0, ?Int. !Int. ?Int. ()))
, (c, (0, SendInt)) ] (Int) (Int)
subtype: Entering [ (c2, (0, !Int. ?Int. !Int. ()))
, (m, (_, Int))
, (c1, (0, ~SendInt))
, (send2, (_, (c : SendInt) -> Int)) ] (Nat) (Int)
subtype: Entering [ (c3, (0, !Int. ()))
, (n, (_, Int))
, (c22, (0, ?Int. !Int. ()))
, (c2, (0, !Int. ?Int. !Int. ()))
, (m, (_, Int))
, (c1, (0, ~SendInt))
, (send2, (_, (c : SendInt) -> Int)) ] (Nat) (Int)
subtype: Entering [ (c32, (_, ()))
, (c3, (0, !Int. ()))
, (n, (_, Int))
, (c22, (0, ?Int. !Int. ()))
, (c2, (0, !Int. ?Int. !Int. ()))
, (m, (_, Int))
, (c1, (0, ~SendInt))
, (send2, (_, (c : SendInt) -> Int)) ] (Int) (Int)
subtype: Entering [ (c32, (_, ()))
, (c3, (0, !Int. ()))
, (n, (_, Int))
, (c22, (0, ?Int. !Int. ()))
, (c2, (0, !Int. ?Int. !Int. ()))
, (m, (_, Int))
, (c1, (0, ~SendInt))
, (send2, (_, (c : SendInt) -> Int)) ] (Int) (Int)
subtype: Entering [ (con, (0, SendInt))
, (main, (_, Int))
, (add2, (_, (c1 : ~SendInt) -> Int))
, (send2, (_, (c : SendInt) -> Int)) ] (Nat) (Int)
subtype: Entering [ (con2, (0, SendSendIntClient))
, (x2, (0, !Int. ?Int. ()))
, (n, (_, Int))
, (x, (0, ?Int. !Int. ?Int. ()))
, (con, (0, SendInt))
, (main, (_, Int))
, (add2, (_, (c1 : ~SendInt) -> Int))
, (send2, (_, (c : SendInt) -> Int)) ] (!Int. ?Int. ()) (SendIntClient)
subtype: Entering [ (con2, (0, SendSendIntClient))
, (x2, (0, !Int. ?Int. ()))
, (n, (_, Int))
, (x, (0, ?Int. !Int. ?Int. ()))
, (con, (0, SendInt))
, (main, (_, Int))
, (add2, (_, (c1 : ~SendInt) -> Int))
, (send2, (_, (c : SendInt) -> Int)) ] (!Int. ?Int. ()) (!Int. ?Int. ())
subtype: Entering [ (con2, (0, SendSendIntClient))
, (x2, (0, !Int. ?Int. ()))
, (n, (_, Int))
, (x, (0, ?Int. !Int. ?Int. ()))
, (con, (0, SendInt))
, (main, (_, Int))
, (add2, (_, (c1 : ~SendInt) -> Int))
, (send2, (_, (c : SendInt) -> Int)) ] (Int) (Int)
subtype: [ (con2, (0, SendSendIntClient))
, (x2, (0, !Int. ?Int. ()))
, (n, (_, Int))
, (x, (0, ?Int. !Int. ?Int. ()))
, (con, (0, SendInt))
, (main, (_, Int))
, (add2, (_, (c1 : ~SendInt) -> Int))
, (send2, (_, (c : SendInt) -> Int)) ] (Int) (Int) = Kunit
subtype: Entering [ (zz8, (_, Int))
, (con2, (0, SendSendIntClient))
, (x2, (0, !Int. ?Int. ()))
, (n, (_, Int))
, (x, (0, ?Int. !Int. ?Int. ()))
, (con, (0, SendInt))
, (main, (_, Int))
, (add2, (_, (c1 : ~SendInt) -> Int))
, (send2, (_, (c : SendInt) -> Int)) ] (?Int. ()) (?Int. ())
subtype: Entering [ (zz8, (_, Int))
, (con2, (0, SendSendIntClient))
, (x2, (0, !Int. ?Int. ()))
, (n, (_, Int))
, (x, (0, ?Int. !Int. ?Int. ()))
, (con, (0, SendInt))
, (main, (_, Int))
, (add2, (_, (c1 : ~SendInt) -> Int))
, (send2, (_, (c : SendInt) -> Int)) ] (Int) (Int)
subtype: [ (zz8, (_, Int))
, (con2, (0, SendSendIntClient))
, (x2, (0, !Int. ?Int. ()))
, (n, (_, Int))
, (x, (0, ?Int. !Int. ?Int. ()))
, (con, (0, SendInt))
, (main, (_, Int))
, (add2, (_, (c1 : ~SendInt) -> Int))
, (send2, (_, (c : SendInt) -> Int)) ] (Int) (Int) = Kunit
subtype: Entering [ (zz9, (_, Int))
, (zz8, (_, Int))
, (con2, (0, SendSendIntClient))
, (x2, (0, !Int. ?Int. ()))
, (n, (_, Int))
, (x, (0, ?Int. !Int. ?Int. ()))
, (con, (0, SendInt))
, (main, (_, Int))
, (add2, (_, (c1 : ~SendInt) -> Int))
, (send2, (_, (c : SendInt) -> Int)) ] (()) (())
subtype: Entering [ (main, (_, Int))
, (add2, (_, (c1 : ~SendInt) -> Int))
, (send2, (_, (c : SendInt) -> Int)) ] (Int) (Int)
Trying to connect to: 127.0.0.1:4242
subtype: Entering [(c, (0, SendInt))] (Nat) (Int)
subtype: Entering [ (x2, (0, !Int. ?Int. ()))
, (n, (_, Int))
, (x, (0, ?Int. !Int. ?Int. ()))
, (c, (0, SendInt)) ] (Nat) (Int)
subtype: Entering [ (y2, (_, ()))
, (m, (_, Int))
, (y, (0, ?Int. ()))
, (x2, (0, !Int. ?Int. ()))
, (n, (_, Int))
, (x, (0, ?Int. !Int. ?Int. ()))
, (c, (0, SendInt)) ] (Int) (Int)
Client connected: Introducing
Client connected: send message
Recieved message from unknown connection!
    Response to nSmP4vJF: NOkayIntroduce (String:"y0loScB1")
    Message: NConversationMessage (String:"KgNtutI8") (NIntroduceClient (String:"nSmP4vJF") (String:"4343") (TName (Bool:False) (String:"SendInt"))) 
subtype: Entering [ (y2, (_, ()))
, (m, (_, Int))
, (y, (0, ?Int. ()))
, (x2, (0, !Int. ?Int. ()))
, (n, (_, Int))
, (x, (0, ?Int. !Int. ?Int. ()))
, (c, (0, SendInt)) ] (Int) (Int)
subtype: Entering [ (c2, (0, !Int. ?Int. !Int. ()))
, (m, (_, Int))
, (c1, (0, ~SendInt))
, (send2, (_, (c : SendInt) -> Int)) ] (Nat) (Int)
subtype: Entering [ (c3, (0, !Int. ()))
, (n, (_, Int))
, (c22, (0, ?Int. !Int. ()))
, (c2, (0, !Int. ?Int. !Int. ()))
, (m, (_, Int))
, (c1, (0, ~SendInt))
, (send2, (_, (c : SendInt) -> Int)) ] (Nat) (Int)
subtype: Entering [ (c32, (_, ()))
, (c3, (0, !Int. ()))
, (n, (_, Int))
, (c22, (0, ?Int. !Int. ()))
, (c2, (0, !Int. ?Int. !Int. ()))
, (m, (_, Int))
, (c1, (0, ~SendInt))
, (send2, (_, (c : SendInt) -> Int)) ] (Int) (Int)
subtype: Entering [ (c32, (_, ()))
, (c3, (0, !Int. ()))
, (n, (_, Int))
, (c22, (0, ?Int. !Int. ()))
, (c2, (0, !Int. ?Int. !Int. ()))
, (m, (_, Int))
, (c1, (0, ~SendInt))
, (send2, (_, (c : SendInt) -> Int)) ] (Int) (Int)
subtype: Entering [ (c2, (0, !Int. ()))
, (m, (_, Int))
, (c1, (_, ()))
, (talk, (0, SendIntServer))
, (con, (0, ~SendSendIntServer))
, (main, (_, Int))
, (add2, (_, (c1 : ~SendInt) -> Int))
, (send2, (_, (c : SendInt) -> Int)) ] (Nat) (Int)
subtype: Entering [ (main, (_, Int))
, (add2, (_, (c1 : ~SendInt) -> Int))
, (send2, (_, (c : SendInt) -> Int)) ] (Int) (Int)
Trying to connect to: 127.0.0.1:4242
Client connected: got answer
Client disconnected!
Finished Handshake
Sending message as: nSmP4vJF to: y0loScB1
    Over: 127.0.0.1:4242
    Message: NIntroduceClient (String:"nSmP4vJF") (String:"4343") (TName (Bool:False) (String:"SendInt"))
Sending message as: nSmP4vJF to: y0loScB1
    Over: 127.0.0.1:4242
    Message: NNewValue (String:"nSmP4vJF") (Int:1) (VInt (Int:1))
Client connected: Introducing
Client connected: send message
Recieved message from unknown connection!
    Response to 9o1aHTcp: NOkayIntroduce (String:"FxLP6Xqs")
    Message: NConversationMessage (String:"JlhXySIQ") (NIntroduceClient (String:"9o1aHTcp") (String:"4240") (TName (Bool:True) (String:"SendSendIntServer"))) 
Client connected: got answer
Client disconnected!
Finished Handshake
Sending message as: 9o1aHTcp to: FxLP6Xqs
    Over: 127.0.0.1:4242
    Message: NIntroduceClient (String:"9o1aHTcp") (String:"4240") (TName (Bool:True) (String:"SendSendIntServer"))
Recieved message as: y0loScB1 (4242) from: nSmP4vJF
    Message: NConversationMessage (String:"6d2mTsHp") (NNewValue (String:"nSmP4vJF") (Int:1) (VInt (Int:1))) 
Sending message as: y0loScB1 to: nSmP4vJF
    Over: 127.0.0.1:4343
    Message: NNewValue (String:"y0loScB1") (Int:1) (VInt (Int:1300))
Trying to connect to: 127.0.0.1:4343
Recieved message as: nSmP4vJF (4343) from: y0loScB1
    Message: NConversationMessage (String:"OdtXfcAm") (NNewValue (String:"y0loScB1") (Int:1) (VInt (Int:1300))) 
Message okay: NNewValue (String:"y0loScB1") (Int:1) (VInt (Int:1300))
Set RedirectRequest for nSmP4vJF to 127.0.0.1:4240
Sending message as: FxLP6Xqs to: 9o1aHTcp
    Over: 127.0.0.1:4240
    Message: NNewValue (String:"FxLP6Xqs") (Int:1) (VChanSerial (((SValuesArray [VInt (Int:1)]) (Int:1))) (((SValuesArray [VInt (Int:1300)]) (Int:0))) (String:"nSmP4vJF") (String:"y0loScB1") (((String:"127.0.0.1") (String:"4343"))))
Trying to connect to: 127.0.0.1:4240
Recieved message as: 9o1aHTcp (4240) from: FxLP6Xqs
Sending message as: y0loScB1 to: nSmP4vJF
    Over: 127.0.0.1:4343
    Message: NIntroduceNewPartnerAddress (String:"y0loScB1") (String:"4240")
Trying to connect to: 127.0.0.1:4343
Sending message as: y0loScB1 to: nSmP4vJF
    Over: 127.0.0.1:4343
Message okay: NNewValue (String:"nSmP4vJF") (Int:1) (VInt (Int:1))
Trying to connect to: 127.0.0.1:4340
    Message: NRequestSync (String:"y0loScB1")
Client connected: Introducing
Client connected: send message
Recieved message from unknown connection!
    Response to m58eVfxV: NOkayIntroduce (String:"BV7wLFBf")
    Message: NConversationMessage (String:"VTxR2xzx") (NIntroduceClient (String:"m58eVfxV") (String:"4343") (TName (Bool:False) (String:"SendSendIntClient"))) 
Client connected: got answer
Client disconnected!
Finished Handshake
Sending message as: m58eVfxV to: BV7wLFBf
    Over: 127.0.0.1:4340
Recieved message as: nSmP4vJF (4343) from: y0loScB1
    Message: NIntroduceClient (String:"m58eVfxV") (String:"4343") (TName (Bool:False) (String:"SendSendIntClient"))
Set RedirectRequest for y0loScB1 to 127.0.0.1:4340
Took MVar for message: NConversationMessage (String:"KlPvDlGO") (NIntroduceNewPartnerAddress (String:"y0loScB1") (String:"4240")) 
Sending message as: m58eVfxV to: BV7wLFBf
    Over: 127.0.0.1:4340
Trying to change the address to: 127.0.0.1:4240
Put MVar for message: NConversationMessage (String:"KlPvDlGO") (NIntroduceNewPartnerAddress (String:"y0loScB1") (String:"4240")) 
    Message: NNewValue (String:"m58eVfxV") (Int:1) (VChanSerial (((SValuesArray [VInt (Int:1300)]) (Int:1))) (((SValuesArray [VInt (Int:1)]) (Int:0))) (String:"y0loScB1") (String:"nSmP4vJF") (((String:"127.0.0.1") (String:"4242"))))
    Message: NConversationMessage (String:"KlPvDlGO") (NIntroduceNewPartnerAddress (String:"y0loScB1") (String:"4240")) 
Recieved message as: nSmP4vJF (4343) from: y0loScB1
    Message: NConversationMessage (String:"7FR8CTTZ") (NRequestSync (String:"y0loScB1")) 
Message okay: NIntroduceNewPartnerAddress (String:"y0loScB1") (String:"4240")
    Message: NConversationMessage (String:"4fMWxwW4") (NNewValue (String:"FxLP6Xqs") (Int:1) (VChanSerial (((SValuesArray [VInt (Int:1)]) (Int:1))) (((SValuesArray [VInt (Int:1300)]) (Int:0))) (String:"nSmP4vJF") (String:"y0loScB1") (((String:"127.0.0.1") (String:"4343"))))) 
Message okay: NRequestSync (String:"y0loScB1")
Got syncronization values: NOkaySync (SValuesArray [VInt (Int:1)])
Message okay: NNewValue (String:"FxLP6Xqs") (Int:1) (VChanSerial (((SValuesArray [VInt (Int:1)]) (Int:1))) (((SValuesArray [VInt (Int:1300)]) (Int:0))) (String:"nSmP4vJF") (String:"y0loScB1") (((String:"127.0.0.1") (String:"4343"))))
Result: VInt 1
ldgv: ldgv: <socket: 86>: hGetLine: end of file
ldgv: <socket: 85>: hGetLine: end of file
<socket: 85>: hGetLine: end of fileldgv: <socket: 86>: hGetLine: end of file

Recieved message as: BV7wLFBf (4340) from: m58eVfxV
Sending message as: nSmP4vJF to: y0loScB1
    Over: 127.0.0.1:4242
    Message: NIntroduceNewPartnerAddress (String:"nSmP4vJF") (String:"4340")
Trying to connect to: 127.0.0.1:4242
ldgv: Network.Socket.connect: <socket: 86>: does not exist (Connection refused)
Sending message as: nSmP4vJF to: y0loScB1
    Over: 127.0.0.1:4242
    Message: NRequestSync (String:"nSmP4vJF")
Error when recieving response
Original message: NNewValue (String:"m58eVfxV") (Int:1) (VChanSerial (((SValuesArray [VInt (Int:1300)]) (Int:1))) (((SValuesArray [VInt (Int:1)]) (Int:0))) (String:"y0loScB1") (String:"nSmP4vJF") (((String:"127.0.0.1") (String:"4242"))))
Old communication partner offline! New communication partner: 127.0.0.1:4340
Error when recieving response
Not connected to peer
Original message: NIntroduceNewPartnerAddress (String:"nSmP4vJF") (String:"4340")
Old communication partner offline! No longer retrying
Trying to connect to: 127.0.0.1:4242
    Message: NConversationMessage (String:"TwS8y4jm") (NNewValue (String:"m58eVfxV") (Int:1) (VChanSerial (((SValuesArray [VInt (Int:1300)]) (Int:1))) (((SValuesArray [VInt (Int:1)]) (Int:0))) (String:"y0loScB1") (String:"nSmP4vJF") (((String:"127.0.0.1") (String:"4242"))))) 
ldgv: Network.Socket.connect: <socket: 87>: does not exist (Connection refused)
Sending message as: m58eVfxV to: BV7wLFBf
    Over: 127.0.0.1:4340
    Message: NNewValue (String:"m58eVfxV") (Int:1) (VChanSerial (((SValuesArray [VInt (Int:1300)]) (Int:1))) (((SValuesArray [VInt (Int:1)]) (Int:0))) (String:"y0loScB1") (String:"nSmP4vJF") (((String:"127.0.0.1") (String:"4242"))))
Recieved message as: BV7wLFBf (4340) from: m58eVfxV
Sending message as: BV7wLFBf to: m58eVfxV
    Over: 127.0.0.1:4343
    Message: NRequestSync (String:"BV7wLFBf")
Error when recieving response
Not connected to peer
Original message: NRequestSync (String:"nSmP4vJF")
Old communication partner offline! No longer retrying
Sending message as: nSmP4vJF to: y0loScB1
    Over: 127.0.0.1:4242
    Message: NNewValue (String:"nSmP4vJF") (Int:2) (VInt (Int:41))
Trying to connect to: 127.0.0.1:4343
Trying to connect to: 127.0.0.1:4242
ldgv: Network.Socket.connect: <socket: 89>: does not exist (Connection refused)
Recieved message as: m58eVfxV (4343) from: BV7wLFBf
    Message: NConversationMessage (String:"BjdQRFgC") (NRequestSync (String:"BV7wLFBf")) 
Message okay: NRequestSync (String:"BV7wLFBf")
Got syncronization values: NOkaySync (SValuesArray [VChanSerial (((SValuesArray [VInt (Int:1300)]) (Int:1))) (((SValuesArray [VInt (Int:1)]) (Int:0))) (String:"y0loScB1") (String:"nSmP4vJF") (((String:"127.0.0.1") (String:"4242")))])
Sending message as: nSmP4vJF to: y0loScB1
    Over: 127.0.0.1:4242
    Message: NIntroduceNewPartnerAddress (String:"nSmP4vJF") (String:"4340")
Error when recieving response
Original message: NNewValue (String:"m58eVfxV") (Int:1) (VChanSerial (((SValuesArray [VInt (Int:1300)]) (Int:1))) (((SValuesArray [VInt (Int:1)]) (Int:0))) (String:"y0loScB1") (String:"nSmP4vJF") (((String:"127.0.0.1") (String:"4242"))))
Old communication partner offline! New communication partner: 127.0.0.1:4340
Error when recieving response
Not connected to peer
Original message: NNewValue (String:"nSmP4vJF") (Int:2) (VInt (Int:41))
Old communication partner offline! No longer retrying
Trying to connect to: 127.0.0.1:4242
ldgv: Network.Socket.connect: <socket: 90>: does not exist (Connection refused)
Sending message as: m58eVfxV to: BV7wLFBf
    Over: 127.0.0.1:4340
    Message: NNewValue (String:"m58eVfxV") (Int:1) (VChanSerial (((SValuesArray [VInt (Int:1300)]) (Int:1))) (((SValuesArray [VInt (Int:1)]) (Int:0))) (String:"y0loScB1") (String:"nSmP4vJF") (((String:"127.0.0.1") (String:"4242"))))
Error when recieving response
Not connected to peer
Original message: NIntroduceNewPartnerAddress (String:"nSmP4vJF") (String:"4340")
Old communication partner offline! No longer retrying
    Message: NConversationMessage (String:"UohqDYdS") (NNewValue (String:"m58eVfxV") (Int:1) (VChanSerial (((SValuesArray [VInt (Int:1300)]) (Int:1))) (((SValuesArray [VInt (Int:1)]) (Int:0))) (String:"y0loScB1") (String:"nSmP4vJF") (((String:"127.0.0.1") (String:"4242"))))) 
Recieved message as: BV7wLFBf (4340) from: m58eVfxV
Sending message as: BV7wLFBf to: m58eVfxV
    Over: 127.0.0.1:4343
    Message: NRequestSync (String:"BV7wLFBf")
Recieved message as: m58eVfxV (4343) from: BV7wLFBf
    Message: NConversationMessage (String:"GXNfJ7Yw") (NRequestSync (String:"BV7wLFBf")) 
Message okay: NRequestSync (String:"BV7wLFBf")
Got syncronization values: NOkaySync (SValuesArray [VChanSerial (((SValuesArray [VInt (Int:1300)]) (Int:1))) (((SValuesArray [VInt (Int:1)]) (Int:0))) (String:"y0loScB1") (String:"nSmP4vJF") (((String:"127.0.0.1") (String:"4242")))])
Sending message as: nSmP4vJF to: y0loScB1
    Over: 127.0.0.1:4242
    Message: NIntroduceNewPartnerAddress (String:"nSmP4vJF") (String:"4340")
Trying to connect to: 127.0.0.1:4242
ldgv: Network.Socket.connect: <socket: 86>: does not exist (Connection refused)
Error when recieving response
Original message: NNewValue (String:"m58eVfxV") (Int:1) (VChanSerial (((SValuesArray [VInt (Int:1300)]) (Int:1))) (((SValuesArray [VInt (Int:1)]) (Int:0))) (String:"y0loScB1") (String:"nSmP4vJF") (((String:"127.0.0.1") (String:"4242"))))
Old communication partner offline! New communication partner: 127.0.0.1:4340
Error when recieving response
Not connected to peer
Original message: NIntroduceNewPartnerAddress (String:"nSmP4vJF") (String:"4340")
Old communication partner offline! No longer retrying
    Message: NConversationMessage (String:"mDHQVSsA") (NNewValue (String:"m58eVfxV") (Int:1) (VChanSerial (((SValuesArray [VInt (Int:1300)]) (Int:1))) (((SValuesArray [VInt (Int:1)]) (Int:0))) (String:"y0loScB1") (String:"nSmP4vJF") (((String:"127.0.0.1") (String:"4242"))))) 
Sending message as: m58eVfxV to: BV7wLFBf
    Over: 127.0.0.1:4340
    Message: NNewValue (String:"m58eVfxV") (Int:1) (VChanSerial (((SValuesArray [VInt (Int:1300)]) (Int:1))) (((SValuesArray [VInt (Int:1)]) (Int:0))) (String:"y0loScB1") (String:"nSmP4vJF") (((String:"127.0.0.1") (String:"4242"))))
Recieved message as: BV7wLFBf (4340) from: m58eVfxV
Sending message as: BV7wLFBf to: m58eVfxV
    Over: 127.0.0.1:4343
    Message: NRequestSync (String:"BV7wLFBf")
Recieved message as: m58eVfxV (4343) from: BV7wLFBf
    Message: NConversationMessage (String:"XBxE6x6Y") (NRequestSync (String:"BV7wLFBf")) 
Message okay: NRequestSync (String:"BV7wLFBf")
Got syncronization values: NOkaySync (SValuesArray [VChanSerial (((SValuesArray [VInt (Int:1300)]) (Int:1))) (((SValuesArray [VInt (Int:1)]) (Int:0))) (String:"y0loScB1") (String:"nSmP4vJF") (((String:"127.0.0.1") (String:"4242")))])
Sending message as: nSmP4vJF to: y0loScB1
    Over: 127.0.0.1:4242
    Message: NIntroduceNewPartnerAddress (String:"nSmP4vJF") (String:"4340")
Trying to connect to: 127.0.0.1:4242
ldgv: Network.Socket.connect: <socket: 86>: does not exist (Connection refused)
Error when recieving response
Original message: NNewValue (String:"m58eVfxV") (Int:1) (VChanSerial (((SValuesArray [VInt (Int:1300)]) (Int:1))) (((SValuesArray [VInt (Int:1)]) (Int:0))) (String:"y0loScB1") (String:"nSmP4vJF") (((String:"127.0.0.1") (String:"4242"))))
Old communication partner offline! New communication partner: 127.0.0.1:4340
Error when recieving response
Not connected to peer
Original message: NIntroduceNewPartnerAddress (String:"nSmP4vJF") (String:"4340")
Old communication partner offline! No longer retrying
    Message: NConversationMessage (String:"FTezMCeI") (NNewValue (String:"m58eVfxV") (Int:1) (VChanSerial (((SValuesArray [VInt (Int:1300)]) (Int:1))) (((SValuesArray [VInt (Int:1)]) (Int:0))) (String:"y0loScB1") (String:"nSmP4vJF") (((String:"127.0.0.1") (String:"4242"))))) 
Sending message as: m58eVfxV to: BV7wLFBf
    Over: 127.0.0.1:4340
    Message: NNewValue (String:"m58eVfxV") (Int:1) (VChanSerial (((SValuesArray [VInt (Int:1300)]) (Int:1))) (((SValuesArray [VInt (Int:1)]) (Int:0))) (String:"y0loScB1") (String:"nSmP4vJF") (((String:"127.0.0.1") (String:"4242"))))
Recieved message as: BV7wLFBf (4340) from: m58eVfxV
Sending message as: BV7wLFBf to: m58eVfxV
    Over: 127.0.0.1:4343
    Message: NRequestSync (String:"BV7wLFBf")
Recieved message as: m58eVfxV (4343) from: BV7wLFBf
    Message: NConversationMessage (String:"HUL61CKa") (NRequestSync (String:"BV7wLFBf")) 
Message okay: NRequestSync (String:"BV7wLFBf")
Got syncronization values: NOkaySync (SValuesArray [VChanSerial (((SValuesArray [VInt (Int:1300)]) (Int:1))) (((SValuesArray [VInt (Int:1)]) (Int:0))) (String:"y0loScB1") (String:"nSmP4vJF") (((String:"127.0.0.1") (String:"4242")))])
Sending message as: nSmP4vJF to: y0loScB1
    Over: 127.0.0.1:4242
    Message: NIntroduceNewPartnerAddress (String:"nSmP4vJF") (String:"4340")
Trying to connect to: 127.0.0.1:4242
ldgv: Network.Socket.connect: <socket: 86>: does not exist (Connection refused)
Error when recieving response
Original message: NNewValue (String:"m58eVfxV") (Int:1) (VChanSerial (((SValuesArray [VInt (Int:1300)]) (Int:1))) (((SValuesArray [VInt (Int:1)]) (Int:0))) (String:"y0loScB1") (String:"nSmP4vJF") (((String:"127.0.0.1") (String:"4242"))))
Old communication partner offline! New communication partner: 127.0.0.1:4340
Error when recieving response
Not connected to peer
Original message: NIntroduceNewPartnerAddress (String:"nSmP4vJF") (String:"4340")
Old communication partner offline! No longer retrying
    Message: NConversationMessage (String:"WQwkpcTa") (NNewValue (String:"m58eVfxV") (Int:1) (VChanSerial (((SValuesArray [VInt (Int:1300)]) (Int:1))) (((SValuesArray [VInt (Int:1)]) (Int:0))) (String:"y0loScB1") (String:"nSmP4vJF") (((String:"127.0.0.1") (String:"4242"))))) 
Sending message as: m58eVfxV to: BV7wLFBf
    Over: 127.0.0.1:4340
    Message: NNewValue (String:"m58eVfxV") (Int:1) (VChanSerial (((SValuesArray [VInt (Int:1300)]) (Int:1))) (((SValuesArray [VInt (Int:1)]) (Int:0))) (String:"y0loScB1") (String:"nSmP4vJF") (((String:"127.0.0.1") (String:"4242"))))
Recieved message as: BV7wLFBf (4340) from: m58eVfxV
Sending message as: BV7wLFBf to: m58eVfxV
    Over: 127.0.0.1:4343
    Message: NRequestSync (String:"BV7wLFBf")
Recieved message as: m58eVfxV (4343) from: BV7wLFBf
    Message: NConversationMessage (String:"7CVpX7do") (NRequestSync (String:"BV7wLFBf")) 
Message okay: NRequestSync (String:"BV7wLFBf")
Got syncronization values: NOkaySync (SValuesArray [VChanSerial (((SValuesArray [VInt (Int:1300)]) (Int:1))) (((SValuesArray [VInt (Int:1)]) (Int:0))) (String:"y0loScB1") (String:"nSmP4vJF") (((String:"127.0.0.1") (String:"4242")))])
Sending message as: nSmP4vJF to: y0loScB1
    Over: 127.0.0.1:4242
    Message: NIntroduceNewPartnerAddress (String:"nSmP4vJF") (String:"4340")
Trying to connect to: 127.0.0.1:4242
ldgv: Network.Socket.connect: <socket: 86>: does not exist (Connection refused)
Error when recieving response
Original message: NNewValue (String:"m58eVfxV") (Int:1) (VChanSerial (((SValuesArray [VInt (Int:1300)]) (Int:1))) (((SValuesArray [VInt (Int:1)]) (Int:0))) (String:"y0loScB1") (String:"nSmP4vJF") (((String:"127.0.0.1") (String:"4242"))))
Old communication partner offline! New communication partner: 127.0.0.1:4340
Error when recieving response
Not connected to peer
Original message: NIntroduceNewPartnerAddress (String:"nSmP4vJF") (String:"4340")
Old communication partner offline! No longer retrying
    Message: NConversationMessage (String:"AlmTbNsu") (NNewValue (String:"m58eVfxV") (Int:1) (VChanSerial (((SValuesArray [VInt (Int:1300)]) (Int:1))) (((SValuesArray [VInt (Int:1)]) (Int:0))) (String:"y0loScB1") (String:"nSmP4vJF") (((String:"127.0.0.1") (String:"4242"))))) 
Sending message as: m58eVfxV to: BV7wLFBf
    Over: 127.0.0.1:4340
    Message: NNewValue (String:"m58eVfxV") (Int:1) (VChanSerial (((SValuesArray [VInt (Int:1300)]) (Int:1))) (((SValuesArray [VInt (Int:1)]) (Int:0))) (String:"y0loScB1") (String:"nSmP4vJF") (((String:"127.0.0.1") (String:"4242"))))
Recieved message as: BV7wLFBf (4340) from: m58eVfxV
Sending message as: BV7wLFBf to: m58eVfxV
    Over: 127.0.0.1:4343
    Message: NRequestSync (String:"BV7wLFBf")
Recieved message as: m58eVfxV (4343) from: BV7wLFBf
    Message: NConversationMessage (String:"dYvESZX1") (NRequestSync (String:"BV7wLFBf")) 
Message okay: NRequestSync (String:"BV7wLFBf")
Got syncronization values: NOkaySync (SValuesArray [VChanSerial (((SValuesArray [VInt (Int:1300)]) (Int:1))) (((SValuesArray [VInt (Int:1)]) (Int:0))) (String:"y0loScB1") (String:"nSmP4vJF") (((String:"127.0.0.1") (String:"4242")))])
Sending message as: nSmP4vJF to: y0loScB1
    Over: 127.0.0.1:4242
    Message: NIntroduceNewPartnerAddress (String:"nSmP4vJF") (String:"4340")
Trying to connect to: 127.0.0.1:4242
ldgv: Network.Socket.connect: <socket: 86>: does not exist (Connection refused)
Error when recieving response
Original message: NNewValue (String:"m58eVfxV") (Int:1) (VChanSerial (((SValuesArray [VInt (Int:1300)]) (Int:1))) (((SValuesArray [VInt (Int:1)]) (Int:0))) (String:"y0loScB1") (String:"nSmP4vJF") (((String:"127.0.0.1") (String:"4242"))))
Old communication partner offline! New communication partner: 127.0.0.1:4340
Error when recieving response
Not connected to peer
Original message: NIntroduceNewPartnerAddress (String:"nSmP4vJF") (String:"4340")
Old communication partner offline! No longer retrying
    Message: NConversationMessage (String:"5KI6rVpR") (NNewValue (String:"m58eVfxV") (Int:1) (VChanSerial (((SValuesArray [VInt (Int:1300)]) (Int:1))) (((SValuesArray [VInt (Int:1)]) (Int:0))) (String:"y0loScB1") (String:"nSmP4vJF") (((String:"127.0.0.1") (String:"4242"))))) 
Sending message as: m58eVfxV to: BV7wLFBf
    Over: 127.0.0.1:4340
    Message: NNewValue (String:"m58eVfxV") (Int:1) (VChanSerial (((SValuesArray [VInt (Int:1300)]) (Int:1))) (((SValuesArray [VInt (Int:1)]) (Int:0))) (String:"y0loScB1") (String:"nSmP4vJF") (((String:"127.0.0.1") (String:"4242"))))
Recieved message as: BV7wLFBf (4340) from: m58eVfxV
Sending message as: BV7wLFBf to: m58eVfxV
    Over: 127.0.0.1:4343
    Message: NRequestSync (String:"BV7wLFBf")
Recieved message as: m58eVfxV (4343) from: BV7wLFBf
    Message: NConversationMessage (String:"0EVbl7T6") (NRequestSync (String:"BV7wLFBf")) 
Message okay: NRequestSync (String:"BV7wLFBf")
Got syncronization values: NOkaySync (SValuesArray [VChanSerial (((SValuesArray [VInt (Int:1300)]) (Int:1))) (((SValuesArray [VInt (Int:1)]) (Int:0))) (String:"y0loScB1") (String:"nSmP4vJF") (((String:"127.0.0.1") (String:"4242")))])
Sending message as: nSmP4vJF to: y0loScB1
    Over: 127.0.0.1:4242
    Message: NIntroduceNewPartnerAddress (String:"nSmP4vJF") (String:"4340")
Trying to connect to: 127.0.0.1:4242
ldgv: Network.Socket.connect: <socket: 86>: does not exist (Connection refused)
Error when recieving response
Original message: NNewValue (String:"m58eVfxV") (Int:1) (VChanSerial (((SValuesArray [VInt (Int:1300)]) (Int:1))) (((SValuesArray [VInt (Int:1)]) (Int:0))) (String:"y0loScB1") (String:"nSmP4vJF") (((String:"127.0.0.1") (String:"4242"))))
Old communication partner offline! New communication partner: 127.0.0.1:4340
Error when recieving response
Not connected to peer
Original message: NIntroduceNewPartnerAddress (String:"nSmP4vJF") (String:"4340")
Old communication partner offline! No longer retrying
    Message: NConversationMessage (String:"zSAFR5ts") (NNewValue (String:"m58eVfxV") (Int:1) (VChanSerial (((SValuesArray [VInt (Int:1300)]) (Int:1))) (((SValuesArray [VInt (Int:1)]) (Int:0))) (String:"y0loScB1") (String:"nSmP4vJF") (((String:"127.0.0.1") (String:"4242"))))) 
Sending message as: m58eVfxV to: BV7wLFBf
    Over: 127.0.0.1:4340
    Message: NNewValue (String:"m58eVfxV") (Int:1) (VChanSerial (((SValuesArray [VInt (Int:1300)]) (Int:1))) (((SValuesArray [VInt (Int:1)]) (Int:0))) (String:"y0loScB1") (String:"nSmP4vJF") (((String:"127.0.0.1") (String:"4242"))))
Recieved message as: BV7wLFBf (4340) from: m58eVfxV
Sending message as: BV7wLFBf to: m58eVfxV
    Over: 127.0.0.1:4343
    Message: NRequestSync (String:"BV7wLFBf")
Recieved message as: m58eVfxV (4343) from: BV7wLFBf
    Message: NConversationMessage (String:"8XkNpQe4") (NRequestSync (String:"BV7wLFBf")) 
Message okay: NRequestSync (String:"BV7wLFBf")
Got syncronization values: NOkaySync (SValuesArray [VChanSerial (((SValuesArray [VInt (Int:1300)]) (Int:1))) (((SValuesArray [VInt (Int:1)]) (Int:0))) (String:"y0loScB1") (String:"nSmP4vJF") (((String:"127.0.0.1") (String:"4242")))])
Sending message as: nSmP4vJF to: y0loScB1
    Over: 127.0.0.1:4242
    Message: NIntroduceNewPartnerAddress (String:"nSmP4vJF") (String:"4340")
Trying to connect to: 127.0.0.1:4242
ldgv: Network.Socket.connect: <socket: 86>: does not exist (Connection refused)
Error when recieving response
Original message: NNewValue (String:"m58eVfxV") (Int:1) (VChanSerial (((SValuesArray [VInt (Int:1300)]) (Int:1))) (((SValuesArray [VInt (Int:1)]) (Int:0))) (String:"y0loScB1") (String:"nSmP4vJF") (((String:"127.0.0.1") (String:"4242"))))
Old communication partner offline! New communication partner: 127.0.0.1:4340
Error when recieving response
Not connected to peer
Original message: NIntroduceNewPartnerAddress (String:"nSmP4vJF") (String:"4340")
Old communication partner offline! No longer retrying
    Message: NConversationMessage (String:"E1QJbkIL") (NNewValue (String:"m58eVfxV") (Int:1) (VChanSerial (((SValuesArray [VInt (Int:1300)]) (Int:1))) (((SValuesArray [VInt (Int:1)]) (Int:0))) (String:"y0loScB1") (String:"nSmP4vJF") (((String:"127.0.0.1") (String:"4242"))))) 
Sending message as: m58eVfxV to: BV7wLFBf
    Over: 127.0.0.1:4340
    Message: NNewValue (String:"m58eVfxV") (Int:1) (VChanSerial (((SValuesArray [VInt (Int:1300)]) (Int:1))) (((SValuesArray [VInt (Int:1)]) (Int:0))) (String:"y0loScB1") (String:"nSmP4vJF") (((String:"127.0.0.1") (String:"4242"))))
Recieved message as: BV7wLFBf (4340) from: m58eVfxV
Sending message as: BV7wLFBf to: m58eVfxV
    Over: 127.0.0.1:4343
    Message: NRequestSync (String:"BV7wLFBf")
Recieved message as: m58eVfxV (4343) from: BV7wLFBf
    Message: NConversationMessage (String:"o2RMmriL") (NRequestSync (String:"BV7wLFBf")) 
Message okay: NRequestSync (String:"BV7wLFBf")
Got syncronization values: NOkaySync (SValuesArray [VChanSerial (((SValuesArray [VInt (Int:1300)]) (Int:1))) (((SValuesArray [VInt (Int:1)]) (Int:0))) (String:"y0loScB1") (String:"nSmP4vJF") (((String:"127.0.0.1") (String:"4242")))])
Sending message as: nSmP4vJF to: y0loScB1
    Over: 127.0.0.1:4242
    Message: NIntroduceNewPartnerAddress (String:"nSmP4vJF") (String:"4340")
Trying to connect to: 127.0.0.1:4242
ldgv: Network.Socket.connect: <socket: 86>: does not exist (Connection refused)
Error when recieving response
Original message: NNewValue (String:"m58eVfxV") (Int:1) (VChanSerial (((SValuesArray [VInt (Int:1300)]) (Int:1))) (((SValuesArray [VInt (Int:1)]) (Int:0))) (String:"y0loScB1") (String:"nSmP4vJF") (((String:"127.0.0.1") (String:"4242"))))
Old communication partner offline! New communication partner: 127.0.0.1:4340
Error when recieving response
Not connected to peer
Original message: NIntroduceNewPartnerAddress (String:"nSmP4vJF") (String:"4340")
Old communication partner offline! No longer retrying
    Message: NConversationMessage (String:"S1Rn7sOh") (NNewValue (String:"m58eVfxV") (Int:1) (VChanSerial (((SValuesArray [VInt (Int:1300)]) (Int:1))) (((SValuesArray [VInt (Int:1)]) (Int:0))) (String:"y0loScB1") (String:"nSmP4vJF") (((String:"127.0.0.1") (String:"4242"))))) 
Sending message as: m58eVfxV to: BV7wLFBf
    Over: 127.0.0.1:4340
    Message: NNewValue (String:"m58eVfxV") (Int:1) (VChanSerial (((SValuesArray [VInt (Int:1300)]) (Int:1))) (((SValuesArray [VInt (Int:1)]) (Int:0))) (String:"y0loScB1") (String:"nSmP4vJF") (((String:"127.0.0.1") (String:"4242"))))
Recieved message as: BV7wLFBf (4340) from: m58eVfxV
Sending message as: BV7wLFBf to: m58eVfxV
    Over: 127.0.0.1:4343
    Message: NRequestSync (String:"BV7wLFBf")
Recieved message as: m58eVfxV (4343) from: BV7wLFBf
    Message: NConversationMessage (String:"HjEwIYxC") (NRequestSync (String:"BV7wLFBf")) 
Message okay: NRequestSync (String:"BV7wLFBf")
Got syncronization values: NOkaySync (SValuesArray [VChanSerial (((SValuesArray [VInt (Int:1300)]) (Int:1))) (((SValuesArray [VInt (Int:1)]) (Int:0))) (String:"y0loScB1") (String:"nSmP4vJF") (((String:"127.0.0.1") (String:"4242")))])
Sending message as: nSmP4vJF to: y0loScB1
    Over: 127.0.0.1:4242
    Message: NIntroduceNewPartnerAddress (String:"nSmP4vJF") (String:"4340")
Trying to connect to: 127.0.0.1:4242
ldgv: Network.Socket.connect: <socket: 86>: does not exist (Connection refused)
Error when recieving response
Original message: NNewValue (String:"m58eVfxV") (Int:1) (VChanSerial (((SValuesArray [VInt (Int:1300)]) (Int:1))) (((SValuesArray [VInt (Int:1)]) (Int:0))) (String:"y0loScB1") (String:"nSmP4vJF") (((String:"127.0.0.1") (String:"4242"))))
Old communication partner offline! New communication partner: 127.0.0.1:4340
Error when recieving response
Not connected to peer
Original message: NIntroduceNewPartnerAddress (String:"nSmP4vJF") (String:"4340")
Old communication partner offline! No longer retrying
    Message: NConversationMessage (String:"yK7csElA") (NNewValue (String:"m58eVfxV") (Int:1) (VChanSerial (((SValuesArray [VInt (Int:1300)]) (Int:1))) (((SValuesArray [VInt (Int:1)]) (Int:0))) (String:"y0loScB1") (String:"nSmP4vJF") (((String:"127.0.0.1") (String:"4242"))))) 
Sending message as: m58eVfxV to: BV7wLFBf
    Over: 127.0.0.1:4340
    Message: NNewValue (String:"m58eVfxV") (Int:1) (VChanSerial (((SValuesArray [VInt (Int:1300)]) (Int:1))) (((SValuesArray [VInt (Int:1)]) (Int:0))) (String:"y0loScB1") (String:"nSmP4vJF") (((String:"127.0.0.1") (String:"4242"))))
Recieved message as: BV7wLFBf (4340) from: m58eVfxV
Sending message as: BV7wLFBf to: m58eVfxV
    Over: 127.0.0.1:4343
    Message: NRequestSync (String:"BV7wLFBf")
Recieved message as: m58eVfxV (4343) from: BV7wLFBf
    Message: NConversationMessage (String:"6xOE3t5Q") (NRequestSync (String:"BV7wLFBf")) 
Message okay: NRequestSync (String:"BV7wLFBf")
Got syncronization values: NOkaySync (SValuesArray [VChanSerial (((SValuesArray [VInt (Int:1300)]) (Int:1))) (((SValuesArray [VInt (Int:1)]) (Int:0))) (String:"y0loScB1") (String:"nSmP4vJF") (((String:"127.0.0.1") (String:"4242")))])
Sending message as: nSmP4vJF to: y0loScB1
    Over: 127.0.0.1:4242
    Message: NIntroduceNewPartnerAddress (String:"nSmP4vJF") (String:"4340")
Trying to connect to: 127.0.0.1:4242
ldgv: Network.Socket.connect: <socket: 86>: does not exist (Connection refused)
Error when recieving response
Original message: NNewValue (String:"m58eVfxV") (Int:1) (VChanSerial (((SValuesArray [VInt (Int:1300)]) (Int:1))) (((SValuesArray [VInt (Int:1)]) (Int:0))) (String:"y0loScB1") (String:"nSmP4vJF") (((String:"127.0.0.1") (String:"4242"))))
Old communication partner offline! New communication partner: 127.0.0.1:4340
Error when recieving response
Not connected to peer
Original message: NIntroduceNewPartnerAddress (String:"nSmP4vJF") (String:"4340")
Old communication partner offline! No longer retrying
    Message: NConversationMessage (String:"meKpjxJS") (NNewValue (String:"m58eVfxV") (Int:1) (VChanSerial (((SValuesArray [VInt (Int:1300)]) (Int:1))) (((SValuesArray [VInt (Int:1)]) (Int:0))) (String:"y0loScB1") (String:"nSmP4vJF") (((String:"127.0.0.1") (String:"4242"))))) 
Sending message as: m58eVfxV to: BV7wLFBf
    Over: 127.0.0.1:4340
    Message: NNewValue (String:"m58eVfxV") (Int:1) (VChanSerial (((SValuesArray [VInt (Int:1300)]) (Int:1))) (((SValuesArray [VInt (Int:1)]) (Int:0))) (String:"y0loScB1") (String:"nSmP4vJF") (((String:"127.0.0.1") (String:"4242"))))
Recieved message as: BV7wLFBf (4340) from: m58eVfxV
Sending message as: BV7wLFBf to: m58eVfxV
    Over: 127.0.0.1:4343
    Message: NRequestSync (String:"BV7wLFBf")
Recieved message as: m58eVfxV (4343) from: BV7wLFBf
    Message: NConversationMessage (String:"vPKDc5pN") (NRequestSync (String:"BV7wLFBf")) 
Message okay: NRequestSync (String:"BV7wLFBf")
Got syncronization values: NOkaySync (SValuesArray [VChanSerial (((SValuesArray [VInt (Int:1300)]) (Int:1))) (((SValuesArray [VInt (Int:1)]) (Int:0))) (String:"y0loScB1") (String:"nSmP4vJF") (((String:"127.0.0.1") (String:"4242")))])
Sending message as: nSmP4vJF to: y0loScB1
    Over: 127.0.0.1:4242
    Message: NIntroduceNewPartnerAddress (String:"nSmP4vJF") (String:"4340")
Trying to connect to: 127.0.0.1:4242
ldgv: Network.Socket.connect: <socket: 86>: does not exist (Connection refused)
Error when recieving response
Original message: NNewValue (String:"m58eVfxV") (Int:1) (VChanSerial (((SValuesArray [VInt (Int:1300)]) (Int:1))) (((SValuesArray [VInt (Int:1)]) (Int:0))) (String:"y0loScB1") (String:"nSmP4vJF") (((String:"127.0.0.1") (String:"4242"))))
Old communication partner offline! New communication partner: 127.0.0.1:4340
Error when recieving response
Not connected to peer
Original message: NIntroduceNewPartnerAddress (String:"nSmP4vJF") (String:"4340")
Old communication partner offline! No longer retrying
    Message: NConversationMessage (String:"Xh73nNHw") (NNewValue (String:"m58eVfxV") (Int:1) (VChanSerial (((SValuesArray [VInt (Int:1300)]) (Int:1))) (((SValuesArray [VInt (Int:1)]) (Int:0))) (String:"y0loScB1") (String:"nSmP4vJF") (((String:"127.0.0.1") (String:"4242"))))) 
Sending message as: m58eVfxV to: BV7wLFBf
    Over: 127.0.0.1:4340
    Message: NNewValue (String:"m58eVfxV") (Int:1) (VChanSerial (((SValuesArray [VInt (Int:1300)]) (Int:1))) (((SValuesArray [VInt (Int:1)]) (Int:0))) (String:"y0loScB1") (String:"nSmP4vJF") (((String:"127.0.0.1") (String:"4242"))))
Recieved message as: BV7wLFBf (4340) from: m58eVfxV
Sending message as: BV7wLFBf to: m58eVfxV
    Over: 127.0.0.1:4343
    Message: NRequestSync (String:"BV7wLFBf")
Recieved message as: m58eVfxV (4343) from: BV7wLFBf
    Message: NConversationMessage (String:"azJlN8EX") (NRequestSync (String:"BV7wLFBf")) 
Message okay: NRequestSync (String:"BV7wLFBf")
Got syncronization values: NOkaySync (SValuesArray [VChanSerial (((SValuesArray [VInt (Int:1300)]) (Int:1))) (((SValuesArray [VInt (Int:1)]) (Int:0))) (String:"y0loScB1") (String:"nSmP4vJF") (((String:"127.0.0.1") (String:"4242")))])
Sending message as: nSmP4vJF to: y0loScB1
    Over: 127.0.0.1:4242
    Message: NIntroduceNewPartnerAddress (String:"nSmP4vJF") (String:"4340")
Trying to connect to: 127.0.0.1:4242
ldgv: Network.Socket.connect: <socket: 86>: does not exist (Connection refused)
Error when recieving response
Original message: NNewValue (String:"m58eVfxV") (Int:1) (VChanSerial (((SValuesArray [VInt (Int:1300)]) (Int:1))) (((SValuesArray [VInt (Int:1)]) (Int:0))) (String:"y0loScB1") (String:"nSmP4vJF") (((String:"127.0.0.1") (String:"4242"))))
Old communication partner offline! New communication partner: 127.0.0.1:4340
Error when recieving response
Not connected to peer
Original message: NIntroduceNewPartnerAddress (String:"nSmP4vJF") (String:"4340")
Old communication partner offline! No longer retrying
    Message: NConversationMessage (String:"S2f1pHZk") (NNewValue (String:"m58eVfxV") (Int:1) (VChanSerial (((SValuesArray [VInt (Int:1300)]) (Int:1))) (((SValuesArray [VInt (Int:1)]) (Int:0))) (String:"y0loScB1") (String:"nSmP4vJF") (((String:"127.0.0.1") (String:"4242"))))) 
Sending message as: m58eVfxV to: BV7wLFBf
    Over: 127.0.0.1:4340
    Message: NNewValue (String:"m58eVfxV") (Int:1) (VChanSerial (((SValuesArray [VInt (Int:1300)]) (Int:1))) (((SValuesArray [VInt (Int:1)]) (Int:0))) (String:"y0loScB1") (String:"nSmP4vJF") (((String:"127.0.0.1") (String:"4242"))))
Recieved message as: BV7wLFBf (4340) from: m58eVfxV
Sending message as: BV7wLFBf to: m58eVfxV
    Over: 127.0.0.1:4343
    Message: NRequestSync (String:"BV7wLFBf")
Recieved message as: m58eVfxV (4343) from: BV7wLFBf
    Message: NConversationMessage (String:"FhGxPvQH") (NRequestSync (String:"BV7wLFBf")) 
Message okay: NRequestSync (String:"BV7wLFBf")
Got syncronization values: NOkaySync (SValuesArray [VChanSerial (((SValuesArray [VInt (Int:1300)]) (Int:1))) (((SValuesArray [VInt (Int:1)]) (Int:0))) (String:"y0loScB1") (String:"nSmP4vJF") (((String:"127.0.0.1") (String:"4242")))])
Sending message as: nSmP4vJF to: y0loScB1
    Over: 127.0.0.1:4242
    Message: NIntroduceNewPartnerAddress (String:"nSmP4vJF") (String:"4340")
Trying to connect to: 127.0.0.1:4242
ldgv: Network.Socket.connect: <socket: 86>: does not exist (Connection refused)
Error when recieving response
Original message: NNewValue (String:"m58eVfxV") (Int:1) (VChanSerial (((SValuesArray [VInt (Int:1300)]) (Int:1))) (((SValuesArray [VInt (Int:1)]) (Int:0))) (String:"y0loScB1") (String:"nSmP4vJF") (((String:"127.0.0.1") (String:"4242"))))
Old communication partner offline! New communication partner: 127.0.0.1:4340
Error when recieving response
Not connected to peer
Original message: NIntroduceNewPartnerAddress (String:"nSmP4vJF") (String:"4340")
Old communication partner offline! No longer retrying
    Message: NConversationMessage (String:"cPVqHGxm") (NNewValue (String:"m58eVfxV") (Int:1) (VChanSerial (((SValuesArray [VInt (Int:1300)]) (Int:1))) (((SValuesArray [VInt (Int:1)]) (Int:0))) (String:"y0loScB1") (String:"nSmP4vJF") (((String:"127.0.0.1") (String:"4242"))))) 
Sending message as: m58eVfxV to: BV7wLFBf
    Over: 127.0.0.1:4340
    Message: NNewValue (String:"m58eVfxV") (Int:1) (VChanSerial (((SValuesArray [VInt (Int:1300)]) (Int:1))) (((SValuesArray [VInt (Int:1)]) (Int:0))) (String:"y0loScB1") (String:"nSmP4vJF") (((String:"127.0.0.1") (String:"4242"))))
Recieved message as: BV7wLFBf (4340) from: m58eVfxV
Sending message as: BV7wLFBf to: m58eVfxV
    Over: 127.0.0.1:4343
    Message: NRequestSync (String:"BV7wLFBf")
Recieved message as: m58eVfxV (4343) from: BV7wLFBf
    Message: NConversationMessage (String:"sas5N9Tn") (NRequestSync (String:"BV7wLFBf")) 
Message okay: NRequestSync (String:"BV7wLFBf")
Got syncronization values: NOkaySync (SValuesArray [VChanSerial (((SValuesArray [VInt (Int:1300)]) (Int:1))) (((SValuesArray [VInt (Int:1)]) (Int:0))) (String:"y0loScB1") (String:"nSmP4vJF") (((String:"127.0.0.1") (String:"4242")))])
Sending message as: nSmP4vJF to: y0loScB1
    Over: 127.0.0.1:4242
    Message: NIntroduceNewPartnerAddress (String:"nSmP4vJF") (String:"4340")
Trying to connect to: 127.0.0.1:4242
ldgv: Network.Socket.connect: <socket: 86>: does not exist (Connection refused)
Error when recieving response
Original message: NNewValue (String:"m58eVfxV") (Int:1) (VChanSerial (((SValuesArray [VInt (Int:1300)]) (Int:1))) (((SValuesArray [VInt (Int:1)]) (Int:0))) (String:"y0loScB1") (String:"nSmP4vJF") (((String:"127.0.0.1") (String:"4242"))))
Old communication partner offline! New communication partner: 127.0.0.1:4340
Error when recieving response
Not connected to peer
Original message: NIntroduceNewPartnerAddress (String:"nSmP4vJF") (String:"4340")
Old communication partner offline! No longer retrying
    Message: NConversationMessage (String:"xXZHSQh7") (NNewValue (String:"m58eVfxV") (Int:1) (VChanSerial (((SValuesArray [VInt (Int:1300)]) (Int:1))) (((SValuesArray [VInt (Int:1)]) (Int:0))) (String:"y0loScB1") (String:"nSmP4vJF") (((String:"127.0.0.1") (String:"4242"))))) 
Sending message as: m58eVfxV to: BV7wLFBf
    Over: 127.0.0.1:4340
    Message: NNewValue (String:"m58eVfxV") (Int:1) (VChanSerial (((SValuesArray [VInt (Int:1300)]) (Int:1))) (((SValuesArray [VInt (Int:1)]) (Int:0))) (String:"y0loScB1") (String:"nSmP4vJF") (((String:"127.0.0.1") (String:"4242"))))
Recieved message as: BV7wLFBf (4340) from: m58eVfxV
Sending message as: BV7wLFBf to: m58eVfxV
    Over: 127.0.0.1:4343
    Message: NRequestSync (String:"BV7wLFBf")
Recieved message as: m58eVfxV (4343) from: BV7wLFBf
    Message: NConversationMessage (String:"dCpN5qnB") (NRequestSync (String:"BV7wLFBf")) 
Message okay: NRequestSync (String:"BV7wLFBf")
Got syncronization values: NOkaySync (SValuesArray [VChanSerial (((SValuesArray [VInt (Int:1300)]) (Int:1))) (((SValuesArray [VInt (Int:1)]) (Int:0))) (String:"y0loScB1") (String:"nSmP4vJF") (((String:"127.0.0.1") (String:"4242")))])
Sending message as: nSmP4vJF to: y0loScB1
    Over: 127.0.0.1:4242
    Message: NIntroduceNewPartnerAddress (String:"nSmP4vJF") (String:"4340")
Trying to connect to: 127.0.0.1:4242
ldgv: Network.Socket.connect: <socket: 86>: does not exist (Connection refused)
Error when recieving response
Original message: NNewValue (String:"m58eVfxV") (Int:1) (VChanSerial (((SValuesArray [VInt (Int:1300)]) (Int:1))) (((SValuesArray [VInt (Int:1)]) (Int:0))) (String:"y0loScB1") (String:"nSmP4vJF") (((String:"127.0.0.1") (String:"4242"))))
Old communication partner offline! New communication partner: 127.0.0.1:4340
Error when recieving response
Not connected to peer
Original message: NIntroduceNewPartnerAddress (String:"nSmP4vJF") (String:"4340")
Old communication partner offline! No longer retrying
    Message: NConversationMessage (String:"UVwrVwJa") (NNewValue (String:"m58eVfxV") (Int:1) (VChanSerial (((SValuesArray [VInt (Int:1300)]) (Int:1))) (((SValuesArray [VInt (Int:1)]) (Int:0))) (String:"y0loScB1") (String:"nSmP4vJF") (((String:"127.0.0.1") (String:"4242"))))) 
Sending message as: m58eVfxV to: BV7wLFBf
    Over: 127.0.0.1:4340
    Message: NNewValue (String:"m58eVfxV") (Int:1) (VChanSerial (((SValuesArray [VInt (Int:1300)]) (Int:1))) (((SValuesArray [VInt (Int:1)]) (Int:0))) (String:"y0loScB1") (String:"nSmP4vJF") (((String:"127.0.0.1") (String:"4242"))))
Recieved message as: BV7wLFBf (4340) from: m58eVfxV
Sending message as: BV7wLFBf to: m58eVfxV
    Over: 127.0.0.1:4343
    Message: NRequestSync (String:"BV7wLFBf")
Recieved message as: m58eVfxV (4343) from: BV7wLFBf
    Message: NConversationMessage (String:"npIaTvHJ") (NRequestSync (String:"BV7wLFBf")) 
Message okay: NRequestSync (String:"BV7wLFBf")
Got syncronization values: NOkaySync (SValuesArray [VChanSerial (((SValuesArray [VInt (Int:1300)]) (Int:1))) (((SValuesArray [VInt (Int:1)]) (Int:0))) (String:"y0loScB1") (String:"nSmP4vJF") (((String:"127.0.0.1") (String:"4242")))])
Sending message as: nSmP4vJF to: y0loScB1
    Over: 127.0.0.1:4242
    Message: NIntroduceNewPartnerAddress (String:"nSmP4vJF") (String:"4340")
Trying to connect to: 127.0.0.1:4242
ldgv: Network.Socket.connect: <socket: 86>: does not exist (Connection refused)
Error when recieving response
Original message: NNewValue (String:"m58eVfxV") (Int:1) (VChanSerial (((SValuesArray [VInt (Int:1300)]) (Int:1))) (((SValuesArray [VInt (Int:1)]) (Int:0))) (String:"y0loScB1") (String:"nSmP4vJF") (((String:"127.0.0.1") (String:"4242"))))
Old communication partner offline! New communication partner: 127.0.0.1:4340
Error when recieving response
Not connected to peer
Original message: NIntroduceNewPartnerAddress (String:"nSmP4vJF") (String:"4340")
Old communication partner offline! No longer retrying
    Message: NConversationMessage (String:"n3z3MXoW") (NNewValue (String:"m58eVfxV") (Int:1) (VChanSerial (((SValuesArray [VInt (Int:1300)]) (Int:1))) (((SValuesArray [VInt (Int:1)]) (Int:0))) (String:"y0loScB1") (String:"nSmP4vJF") (((String:"127.0.0.1") (String:"4242"))))) 
Sending message as: m58eVfxV to: BV7wLFBf
    Over: 127.0.0.1:4340
    Message: NNewValue (String:"m58eVfxV") (Int:1) (VChanSerial (((SValuesArray [VInt (Int:1300)]) (Int:1))) (((SValuesArray [VInt (Int:1)]) (Int:0))) (String:"y0loScB1") (String:"nSmP4vJF") (((String:"127.0.0.1") (String:"4242"))))
Recieved message as: BV7wLFBf (4340) from: m58eVfxV
Sending message as: BV7wLFBf to: m58eVfxV
    Over: 127.0.0.1:4343
    Message: NRequestSync (String:"BV7wLFBf")
Recieved message as: m58eVfxV (4343) from: BV7wLFBf
    Message: NConversationMessage (String:"ZzZzogKm") (NRequestSync (String:"BV7wLFBf")) 
Message okay: NRequestSync (String:"BV7wLFBf")
Got syncronization values: NOkaySync (SValuesArray [VChanSerial (((SValuesArray [VInt (Int:1300)]) (Int:1))) (((SValuesArray [VInt (Int:1)]) (Int:0))) (String:"y0loScB1") (String:"nSmP4vJF") (((String:"127.0.0.1") (String:"4242")))])
Sending message as: nSmP4vJF to: y0loScB1
    Over: 127.0.0.1:4242
    Message: NIntroduceNewPartnerAddress (String:"nSmP4vJF") (String:"4340")
Trying to connect to: 127.0.0.1:4242
ldgv: Network.Socket.connect: <socket: 86>: does not exist (Connection refused)
Error when recieving response
Original message: NNewValue (String:"m58eVfxV") (Int:1) (VChanSerial (((SValuesArray [VInt (Int:1300)]) (Int:1))) (((SValuesArray [VInt (Int:1)]) (Int:0))) (String:"y0loScB1") (String:"nSmP4vJF") (((String:"127.0.0.1") (String:"4242"))))
Old communication partner offline! New communication partner: 127.0.0.1:4340
Error when recieving response
Not connected to peer
Original message: NIntroduceNewPartnerAddress (String:"nSmP4vJF") (String:"4340")
Old communication partner offline! No longer retrying
    Message: NConversationMessage (String:"f1Uzlhwi") (NNewValue (String:"m58eVfxV") (Int:1) (VChanSerial (((SValuesArray [VInt (Int:1300)]) (Int:1))) (((SValuesArray [VInt (Int:1)]) (Int:0))) (String:"y0loScB1") (String:"nSmP4vJF") (((String:"127.0.0.1") (String:"4242"))))) 
Sending message as: m58eVfxV to: BV7wLFBf
    Over: 127.0.0.1:4340
    Message: NNewValue (String:"m58eVfxV") (Int:1) (VChanSerial (((SValuesArray [VInt (Int:1300)]) (Int:1))) (((SValuesArray [VInt (Int:1)]) (Int:0))) (String:"y0loScB1") (String:"nSmP4vJF") (((String:"127.0.0.1") (String:"4242"))))
Recieved message as: BV7wLFBf (4340) from: m58eVfxV
Sending message as: BV7wLFBf to: m58eVfxV
    Over: 127.0.0.1:4343
    Message: NRequestSync (String:"BV7wLFBf")
Recieved message as: m58eVfxV (4343) from: BV7wLFBf
    Message: NConversationMessage (String:"jQhzGDo9") (NRequestSync (String:"BV7wLFBf")) 
Message okay: NRequestSync (String:"BV7wLFBf")
Got syncronization values: NOkaySync (SValuesArray [VChanSerial (((SValuesArray [VInt (Int:1300)]) (Int:1))) (((SValuesArray [VInt (Int:1)]) (Int:0))) (String:"y0loScB1") (String:"nSmP4vJF") (((String:"127.0.0.1") (String:"4242")))])
Sending message as: nSmP4vJF to: y0loScB1
    Over: 127.0.0.1:4242
    Message: NIntroduceNewPartnerAddress (String:"nSmP4vJF") (String:"4340")
Trying to connect to: 127.0.0.1:4242
ldgv: Network.Socket.connect: <socket: 86>: does not exist (Connection refused)
Error when recieving response
Original message: NNewValue (String:"m58eVfxV") (Int:1) (VChanSerial (((SValuesArray [VInt (Int:1300)]) (Int:1))) (((SValuesArray [VInt (Int:1)]) (Int:0))) (String:"y0loScB1") (String:"nSmP4vJF") (((String:"127.0.0.1") (String:"4242"))))
Old communication partner offline! New communication partner: 127.0.0.1:4340
Error when recieving response
Not connected to peer
Original message: NIntroduceNewPartnerAddress (String:"nSmP4vJF") (String:"4340")
Old communication partner offline! No longer retrying
    Message: NConversationMessage (String:"qcxr5O8Z") (NNewValue (String:"m58eVfxV") (Int:1) (VChanSerial (((SValuesArray [VInt (Int:1300)]) (Int:1))) (((SValuesArray [VInt (Int:1)]) (Int:0))) (String:"y0loScB1") (String:"nSmP4vJF") (((String:"127.0.0.1") (String:"4242"))))) 
Sending message as: m58eVfxV to: BV7wLFBf
    Over: 127.0.0.1:4340
    Message: NNewValue (String:"m58eVfxV") (Int:1) (VChanSerial (((SValuesArray [VInt (Int:1300)]) (Int:1))) (((SValuesArray [VInt (Int:1)]) (Int:0))) (String:"y0loScB1") (String:"nSmP4vJF") (((String:"127.0.0.1") (String:"4242"))))
Recieved message as: BV7wLFBf (4340) from: m58eVfxV
Sending message as: BV7wLFBf to: m58eVfxV
    Over: 127.0.0.1:4343
    Message: NRequestSync (String:"BV7wLFBf")
Recieved message as: m58eVfxV (4343) from: BV7wLFBf
    Message: NConversationMessage (String:"ZLaI4TPK") (NRequestSync (String:"BV7wLFBf")) 
Message okay: NRequestSync (String:"BV7wLFBf")
Got syncronization values: NOkaySync (SValuesArray [VChanSerial (((SValuesArray [VInt (Int:1300)]) (Int:1))) (((SValuesArray [VInt (Int:1)]) (Int:0))) (String:"y0loScB1") (String:"nSmP4vJF") (((String:"127.0.0.1") (String:"4242")))])
Sending message as: nSmP4vJF to: y0loScB1
    Over: 127.0.0.1:4242
    Message: NIntroduceNewPartnerAddress (String:"nSmP4vJF") (String:"4340")
Trying to connect to: 127.0.0.1:4242
ldgv: Network.Socket.connect: <socket: 86>: does not exist (Connection refused)
Error when recieving response
Original message: NNewValue (String:"m58eVfxV") (Int:1) (VChanSerial (((SValuesArray [VInt (Int:1300)]) (Int:1))) (((SValuesArray [VInt (Int:1)]) (Int:0))) (String:"y0loScB1") (String:"nSmP4vJF") (((String:"127.0.0.1") (String:"4242"))))
Old communication partner offline! New communication partner: 127.0.0.1:4340
Error when recieving response
Not connected to peer
Original message: NIntroduceNewPartnerAddress (String:"nSmP4vJF") (String:"4340")
Old communication partner offline! No longer retrying
    Message: NConversationMessage (String:"ubQkIvZ3") (NNewValue (String:"m58eVfxV") (Int:1) (VChanSerial (((SValuesArray [VInt (Int:1300)]) (Int:1))) (((SValuesArray [VInt (Int:1)]) (Int:0))) (String:"y0loScB1") (String:"nSmP4vJF") (((String:"127.0.0.1") (String:"4242"))))) 
Sending message as: m58eVfxV to: BV7wLFBf
    Over: 127.0.0.1:4340
    Message: NNewValue (String:"m58eVfxV") (Int:1) (VChanSerial (((SValuesArray [VInt (Int:1300)]) (Int:1))) (((SValuesArray [VInt (Int:1)]) (Int:0))) (String:"y0loScB1") (String:"nSmP4vJF") (((String:"127.0.0.1") (String:"4242"))))
Recieved message as: BV7wLFBf (4340) from: m58eVfxV
Sending message as: BV7wLFBf to: m58eVfxV
    Over: 127.0.0.1:4343
    Message: NRequestSync (String:"BV7wLFBf")
Recieved message as: m58eVfxV (4343) from: BV7wLFBf
    Message: NConversationMessage (String:"tDK1U5SP") (NRequestSync (String:"BV7wLFBf")) 
Message okay: NRequestSync (String:"BV7wLFBf")
Got syncronization values: NOkaySync (SValuesArray [VChanSerial (((SValuesArray [VInt (Int:1300)]) (Int:1))) (((SValuesArray [VInt (Int:1)]) (Int:0))) (String:"y0loScB1") (String:"nSmP4vJF") (((String:"127.0.0.1") (String:"4242")))])
Sending message as: nSmP4vJF to: y0loScB1
    Over: 127.0.0.1:4242
    Message: NIntroduceNewPartnerAddress (String:"nSmP4vJF") (String:"4340")
Trying to connect to: 127.0.0.1:4242
ldgv: Network.Socket.connect: <socket: 86>: does not exist (Connection refused)
Error when recieving response
Original message: NNewValue (String:"m58eVfxV") (Int:1) (VChanSerial (((SValuesArray [VInt (Int:1300)]) (Int:1))) (((SValuesArray [VInt (Int:1)]) (Int:0))) (String:"y0loScB1") (String:"nSmP4vJF") (((String:"127.0.0.1") (String:"4242"))))
Old communication partner offline! New communication partner: 127.0.0.1:4340
Error when recieving response
Not connected to peer
Original message: NIntroduceNewPartnerAddress (String:"nSmP4vJF") (String:"4340")
Old communication partner offline! No longer retrying
    Message: NConversationMessage (String:"z8xMNkdk") (NNewValue (String:"m58eVfxV") (Int:1) (VChanSerial (((SValuesArray [VInt (Int:1300)]) (Int:1))) (((SValuesArray [VInt (Int:1)]) (Int:0))) (String:"y0loScB1") (String:"nSmP4vJF") (((String:"127.0.0.1") (String:"4242"))))) 
Sending message as: m58eVfxV to: BV7wLFBf
    Over: 127.0.0.1:4340
    Message: NNewValue (String:"m58eVfxV") (Int:1) (VChanSerial (((SValuesArray [VInt (Int:1300)]) (Int:1))) (((SValuesArray [VInt (Int:1)]) (Int:0))) (String:"y0loScB1") (String:"nSmP4vJF") (((String:"127.0.0.1") (String:"4242"))))
Recieved message as: BV7wLFBf (4340) from: m58eVfxV
Sending message as: BV7wLFBf to: m58eVfxV
    Over: 127.0.0.1:4343
    Message: NRequestSync (String:"BV7wLFBf")
Recieved message as: m58eVfxV (4343) from: BV7wLFBf
    Message: NConversationMessage (String:"xaLWO908") (NRequestSync (String:"BV7wLFBf")) 
Message okay: NRequestSync (String:"BV7wLFBf")
Got syncronization values: NOkaySync (SValuesArray [VChanSerial (((SValuesArray [VInt (Int:1300)]) (Int:1))) (((SValuesArray [VInt (Int:1)]) (Int:0))) (String:"y0loScB1") (String:"nSmP4vJF") (((String:"127.0.0.1") (String:"4242")))])
Sending message as: nSmP4vJF to: y0loScB1
    Over: 127.0.0.1:4242
    Message: NIntroduceNewPartnerAddress (String:"nSmP4vJF") (String:"4340")
Trying to connect to: 127.0.0.1:4242
ldgv: Network.Socket.connect: <socket: 86>: does not exist (Connection refused)
^CTerminated
[laeuferle@workbench ldgvnetworking]$ 